#
# There is insufficient memory for the Java Runtime Environment to continue.
# Native memory allocation (mmap) failed to map 145752064 bytes for committing reserved memory.
# Possible reasons:
#   The system is out of physical RAM or swap space
#   In 32 bit mode, the process size limit was hit
# Possible solutions:
#   Reduce memory load on the system
#   Increase physical memory or swap space
#   Check if swap backing store is full
#   Use 64 bit Java on a 64 bit OS
#   Decrease Java heap size (-Xmx/-Xms)
#   Decrease number of Java threads
#   Decrease Java thread stack sizes (-Xss)
#   Set larger code cache with -XX:ReservedCodeCacheSize=
# This output file may be truncated or incomplete.
#
#  Out of Memory Error (os_linux.cpp:2627), pid=17653, tid=0x00007f635dcfc700
#
# JRE version: Java(TM) SE Runtime Environment (8.0_121-b13) (build 1.8.0_121-b13)
# Java VM: Java HotSpot(TM) 64-Bit Server VM (25.121-b13 mixed mode linux-amd64 compressed oops)
# Failed to write core dump. Core dumps have been disabled. To enable core dumping, try "ulimit -c unlimited" before starting Java again
#

---------------  T H R E A D  ---------------

Current thread (0x00007f6374078000):  VMThread [stack: 0x00007f635dbfc000,0x00007f635dcfd000] [id=17663]

Stack: [0x00007f635dbfc000,0x00007f635dcfd000],  sp=0x00007f635dcfb260,  free space=1020k
Native frames: (J=compiled Java code, j=interpreted, Vv=VM code, C=native code)
V  [libjvm.so+0xac703a]  VMError::report_and_die()+0x2ba
V  [libjvm.so+0x4fc7eb]  report_vm_out_of_memory(char const*, int, unsigned long, VMErrorType, char const*)+0x8b
V  [libjvm.so+0x923c43]  os::Linux::commit_memory_impl(char*, unsigned long, bool)+0x103
V  [libjvm.so+0x924199]  os::pd_commit_memory(char*, unsigned long, unsigned long, bool)+0x29
V  [libjvm.so+0x91e4aa]  os::commit_memory(char*, unsigned long, unsigned long, bool)+0x2a
V  [libjvm.so+0x992f03]  PSVirtualSpace::expand_by(unsigned long)+0x53
V  [libjvm.so+0x994308]  PSYoungGen::resize_generation(unsigned long, unsigned long)+0xf8
V  [libjvm.so+0x993462]  PSYoungGen::resize(unsigned long, unsigned long)+0x22
V  [libjvm.so+0x99073b]  PSScavenge::invoke_no_policy()+0xf3b
V  [libjvm.so+0x990ec1]  PSScavenge::invoke()+0x41
V  [libjvm.so+0x947c10]  ParallelScavengeHeap::failed_mem_allocate(unsigned long)+0x70
V  [libjvm.so+0xac8a57]  VM_ParallelGCFailedAllocation::doit()+0x97
V  [libjvm.so+0xad0535]  VM_Operation::evaluate()+0x55
V  [libjvm.so+0xace90a]  VMThread::evaluate_operation(VM_Operation*)+0xba
V  [libjvm.so+0xacec8e]  VMThread::loop()+0x1ce
V  [libjvm.so+0xacf100]  VMThread::run()+0x70
V  [libjvm.so+0x926268]  java_start(Thread*)+0x108

VM_Operation (0x00007f635cd0fd30): ParallelGCFailedAllocation, mode: safepoint, requested by thread 0x00007f6374160000


---------------  P R O C E S S  ---------------

Java Threads: ( => current thread )
  0x00007f6374167000 JavaThread "pool-1-thread-4" [_thread_blocked, id=17696, stack(0x00007f635c80d000,0x00007f635c90e000)]
  0x00007f6374165800 JavaThread "pool-1-thread-3" [_thread_blocked, id=17695, stack(0x00007f635c90e000,0x00007f635ca0f000)]
  0x00007f6374164800 JavaThread "pool-1-thread-2" [_thread_blocked, id=17694, stack(0x00007f635ca0f000,0x00007f635cb10000)]
  0x00007f6374162800 JavaThread "pool-2-thread-1" [_thread_blocked, id=17693, stack(0x00007f635cb10000,0x00007f635cc11000)]
  0x00007f6374160000 JavaThread "pool-1-thread-1" [_thread_blocked, id=17692, stack(0x00007f635cc11000,0x00007f635cd12000)]
  0x00007f63740da000 JavaThread "Service Thread" daemon [_thread_blocked, id=17680, stack(0x00007f635ce13000,0x00007f635cf14000)]
  0x00007f63740bd000 JavaThread "C1 CompilerThread2" daemon [_thread_blocked, id=17678, stack(0x00007f635cf14000,0x00007f635d015000)]
  0x00007f63740bb800 JavaThread "C2 CompilerThread1" daemon [_thread_in_native, id=17676, stack(0x00007f635d015000,0x00007f635d116000)]
  0x00007f63740b8800 JavaThread "C2 CompilerThread0" daemon [_thread_blocked, id=17674, stack(0x00007f635d116000,0x00007f635d217000)]
  0x00007f63740b7000 JavaThread "Signal Dispatcher" daemon [_thread_blocked, id=17672, stack(0x00007f635d217000,0x00007f635d318000)]
  0x00007f6374084000 JavaThread "Finalizer" daemon [_thread_blocked, id=17665, stack(0x00007f635d9fa000,0x00007f635dafb000)]
  0x00007f637407f800 JavaThread "Reference Handler" daemon [_thread_blocked, id=17664, stack(0x00007f635dafb000,0x00007f635dbfc000)]
  0x00007f637400a000 JavaThread "main" [_thread_blocked, id=17657, stack(0x00007f637c36f000,0x00007f637c470000)]

Other Threads:
=>0x00007f6374078000 VMThread [stack: 0x00007f635dbfc000,0x00007f635dcfd000] [id=17663]
  0x00007f63740e5800 WatcherThread [stack: 0x00007f635cd12000,0x00007f635ce13000] [id=17682]

VM state:at safepoint (normal execution)

VM Mutex/Monitor currently owned by a thread:  ([mutex/lock_event])
[0x00007f6374006550] Threads_lock - owner thread: 0x00007f6374078000
[0x00007f6374006a50] Heap_lock - owner thread: 0x00007f6374160000

Heap:
 PSYoungGen      total 139776K, used 14309K [0x00000000eab00000, 0x00000000f4300000, 0x0000000100000000)
  eden space 125440K, 0% used [0x00000000eab00000,0x00000000eab00000,0x00000000f2580000)
  from space 14336K, 99% used [0x00000000f2580000,0x00000000f3379670,0x00000000f3380000)
  to   space 12800K, 0% used [0x00000000f3380000,0x00000000f3380000,0x00000000f4000000)
 ParOldGen       total 42496K, used 35504K [0x00000000c0000000, 0x00000000c2980000, 0x00000000eab00000)
  object space 42496K, 83% used [0x00000000c0000000,0x00000000c22ac1a0,0x00000000c2980000)
 Metaspace       used 6241K, capacity 7128K, committed 7424K, reserved 1056768K
  class space    used 614K, capacity 656K, committed 768K, reserved 1048576K

Card table byte_map: [0x00007f6378f28000,0x00007f6379129000] byte_map_base: 0x00007f6378928000

Marking Bits: (ParMarkBitMap*) 0x00007f637b84bc80
 Begin Bits: [0x00007f635e000000, 0x00007f635f000000)
 End Bits:   [0x00007f635f000000, 0x00007f6360000000)

Polling page: 0x00007f637c495000

CodeCache: size=245760Kb used=6194Kb max_used=6194Kb free=239565Kb
 bounds [0x00007f6365000000, 0x00007f6365620000, 0x00007f6374000000]
 total_blobs=1929 nmethods=1667 adapters=176
 compilation: enabled

Compilation events (10 events):
Event: 16.269 Thread 0x00007f63740bd000 2076       2       com.android.dx.ssa.back.FirstFitLocalCombiningAllocator::markReserved (13 bytes)
Event: 16.270 Thread 0x00007f63740bd000 nmethod 2076 0x00007f636560dd50 code [0x00007f636560dec0, 0x00007f636560e048]
Event: 16.270 Thread 0x00007f63740bd000 2077       2       java.util.BitSet::set (20 bytes)
Event: 16.271 Thread 0x00007f63740bd000 nmethod 2077 0x00007f636560e150 code [0x00007f636560e2c0, 0x00007f636560e458]
Event: 16.277 Thread 0x00007f63740bd000 2078       2       java.util.HashMap::comparableClassFor (105 bytes)
Event: 16.280 Thread 0x00007f63740bd000 nmethod 2078 0x00007f636560e510 code [0x00007f636560e6e0, 0x00007f636560eb48]
Event: 16.291 Thread 0x00007f63740bd000 2079       3       com.android.dx.ssa.SsaBasicBlock::replaceSuccessor (125 bytes)
Event: 16.295 Thread 0x00007f63740bd000 nmethod 2079 0x00007f636560ee50 code [0x00007f636560f0e0, 0x00007f636560fef8]
Event: 16.319 Thread 0x00007f63740bd000 2080       3       com.android.dx.rop.code.LocalVariableExtractor::doit (49 bytes)
Event: 16.321 Thread 0x00007f63740bd000 nmethod 2080 0x00007f63656107d0 code [0x00007f6365610980, 0x00007f6365610e38]

GC Heap History (10 events):
Event: 5.481 GC heap after
Heap after GC invocations=2 (full 0):
 PSYoungGen      total 34304K, used 2551K [0x00000000eab00000, 0x00000000ecf00000, 0x0000000100000000)
  eden space 31744K, 0% used [0x00000000eab00000,0x00000000eab00000,0x00000000eca00000)
  from space 2560K, 99% used [0x00000000ecc80000,0x00000000ecefdc60,0x00000000ecf00000)
  to   space 2560K, 0% used [0x00000000eca00000,0x00000000eca00000,0x00000000ecc80000)
 ParOldGen       total 42496K, used 2731K [0x00000000c0000000, 0x00000000c2980000, 0x00000000eab00000)
  object space 42496K, 6% used [0x00000000c0000000,0x00000000c02aad18,0x00000000c2980000)
 Metaspace       used 5774K, capacity 6768K, committed 7040K, reserved 1056768K
  class space    used 593K, capacity 616K, committed 640K, reserved 1048576K
}
Event: 7.668 GC heap before
{Heap before GC invocations=3 (full 0):
 PSYoungGen      total 34304K, used 34295K [0x00000000eab00000, 0x00000000ecf00000, 0x0000000100000000)
  eden space 31744K, 100% used [0x00000000eab00000,0x00000000eca00000,0x00000000eca00000)
  from space 2560K, 99% used [0x00000000ecc80000,0x00000000ecefdc60,0x00000000ecf00000)
  to   space 2560K, 0% used [0x00000000eca00000,0x00000000eca00000,0x00000000ecc80000)
 ParOldGen       total 42496K, used 2731K [0x00000000c0000000, 0x00000000c2980000, 0x00000000eab00000)
  object space 42496K, 6% used [0x00000000c0000000,0x00000000c02aad18,0x00000000c2980000)
 Metaspace       used 5852K, capacity 6896K, committed 7040K, reserved 1056768K
  class space    used 594K, capacity 616K, committed 640K, reserved 1048576K
Event: 7.774 GC heap after
Heap after GC invocations=3 (full 0):
 PSYoungGen      total 34304K, used 2552K [0x00000000eab00000, 0x00000000eee00000, 0x0000000100000000)
  eden space 31744K, 0% used [0x00000000eab00000,0x00000000eab00000,0x00000000eca00000)
  from space 2560K, 99% used [0x00000000eca00000,0x00000000ecc7e070,0x00000000ecc80000)
  to   space 2560K, 0% used [0x00000000eeb80000,0x00000000eeb80000,0x00000000eee00000)
 ParOldGen       total 42496K, used 7683K [0x00000000c0000000, 0x00000000c2980000, 0x00000000eab00000)
  object space 42496K, 18% used [0x00000000c0000000,0x00000000c0780e88,0x00000000c2980000)
 Metaspace       used 5852K, capacity 6896K, committed 7040K, reserved 1056768K
  class space    used 594K, capacity 616K, committed 640K, reserved 1048576K
}
Event: 9.371 GC heap before
{Heap before GC invocations=4 (full 0):
 PSYoungGen      total 34304K, used 34296K [0x00000000eab00000, 0x00000000eee00000, 0x0000000100000000)
  eden space 31744K, 100% used [0x00000000eab00000,0x00000000eca00000,0x00000000eca00000)
  from space 2560K, 99% used [0x00000000eca00000,0x00000000ecc7e070,0x00000000ecc80000)
  to   space 2560K, 0% used [0x00000000eeb80000,0x00000000eeb80000,0x00000000eee00000)
 ParOldGen       total 42496K, used 7683K [0x00000000c0000000, 0x00000000c2980000, 0x00000000eab00000)
  object space 42496K, 18% used [0x00000000c0000000,0x00000000c0780e88,0x00000000c2980000)
 Metaspace       used 5896K, capacity 6896K, committed 7040K, reserved 1056768K
  class space    used 594K, capacity 616K, committed 640K, reserved 1048576K
Event: 9.585 GC heap after
Heap after GC invocations=4 (full 0):
 PSYoungGen      total 66048K, used 2555K [0x00000000eab00000, 0x00000000eee00000, 0x0000000100000000)
  eden space 63488K, 0% used [0x00000000eab00000,0x00000000eab00000,0x00000000ee900000)
  from space 2560K, 99% used [0x00000000eeb80000,0x00000000eedfeff0,0x00000000eee00000)
  to   space 2560K, 0% used [0x00000000ee900000,0x00000000ee900000,0x00000000eeb80000)
 ParOldGen       total 42496K, used 12093K [0x00000000c0000000, 0x00000000c2980000, 0x00000000eab00000)
  object space 42496K, 28% used [0x00000000c0000000,0x00000000c0bcf680,0x00000000c2980000)
 Metaspace       used 5896K, capacity 6896K, committed 7040K, reserved 1056768K
  class space    used 594K, capacity 616K, committed 640K, reserved 1048576K
}
Event: 11.711 GC heap before
{Heap before GC invocations=5 (full 0):
 PSYoungGen      total 66048K, used 66043K [0x00000000eab00000, 0x00000000eee00000, 0x0000000100000000)
  eden space 63488K, 100% used [0x00000000eab00000,0x00000000ee900000,0x00000000ee900000)
  from space 2560K, 99% used [0x00000000eeb80000,0x00000000eedfeff0,0x00000000eee00000)
  to   space 2560K, 0% used [0x00000000ee900000,0x00000000ee900000,0x00000000eeb80000)
 ParOldGen       total 42496K, used 12093K [0x00000000c0000000, 0x00000000c2980000, 0x00000000eab00000)
  object space 42496K, 28% used [0x00000000c0000000,0x00000000c0bcf680,0x00000000c2980000)
 Metaspace       used 5936K, capacity 6960K, committed 7040K, reserved 1056768K
  class space    used 594K, capacity 616K, committed 640K, reserved 1048576K
Event: 11.921 GC heap after
Heap after GC invocations=5 (full 0):
 PSYoungGen      total 66048K, used 2556K [0x00000000eab00000, 0x00000000f4000000, 0x0000000100000000)
  eden space 63488K, 0% used [0x00000000eab00000,0x00000000eab00000,0x00000000ee900000)
  from space 2560K, 99% used [0x00000000ee900000,0x00000000eeb7f0f0,0x00000000eeb80000)
  to   space 12800K, 0% used [0x00000000f3380000,0x00000000f3380000,0x00000000f4000000)
 ParOldGen       total 42496K, used 21776K [0x00000000c0000000, 0x00000000c2980000, 0x00000000eab00000)
  object space 42496K, 51% used [0x00000000c0000000,0x00000000c15443d8,0x00000000c2980000)
 Metaspace       used 5936K, capacity 6960K, committed 7040K, reserved 1056768K
  class space    used 594K, capacity 616K, committed 640K, reserved 1048576K
}
Event: 13.491 GC heap before
{Heap before GC invocations=6 (full 0):
 PSYoungGen      total 66048K, used 66044K [0x00000000eab00000, 0x00000000f4000000, 0x0000000100000000)
  eden space 63488K, 100% used [0x00000000eab00000,0x00000000ee900000,0x00000000ee900000)
  from space 2560K, 99% used [0x00000000ee900000,0x00000000eeb7f0f0,0x00000000eeb80000)
  to   space 12800K, 0% used [0x00000000f3380000,0x00000000f3380000,0x00000000f4000000)
 ParOldGen       total 42496K, used 21862K [0x00000000c0000000, 0x00000000c2980000, 0x00000000eab00000)
  object space 42496K, 51% used [0x00000000c0000000,0x00000000c15599d0,0x00000000c2980000)
 Metaspace       used 6087K, capacity 7064K, committed 7424K, reserved 1056768K
  class space    used 614K, capacity 656K, committed 768K, reserved 1048576K
Event: 13.715 GC heap after
Heap after GC invocations=6 (full 0):
 PSYoungGen      total 138240K, used 10800K [0x00000000eab00000, 0x00000000f4300000, 0x0000000100000000)
  eden space 125440K, 0% used [0x00000000eab00000,0x00000000eab00000,0x00000000f2580000)
  from space 12800K, 84% used [0x00000000f3380000,0x00000000f3e0c2d0,0x00000000f4000000)
  to   space 14336K, 0% used [0x00000000f2580000,0x00000000f2580000,0x00000000f3380000)
 ParOldGen       total 42496K, used 21862K [0x00000000c0000000, 0x00000000c2980000, 0x00000000eab00000)
  object space 42496K, 51% used [0x00000000c0000000,0x00000000c15599d0,0x00000000c2980000)
 Metaspace       used 6087K, capacity 7064K, committed 7424K, reserved 1056768K
  class space    used 614K, capacity 656K, committed 768K, reserved 1048576K
}
Event: 16.328 GC heap before
{Heap before GC invocations=7 (full 0):
 PSYoungGen      total 138240K, used 136240K [0x00000000eab00000, 0x00000000f4300000, 0x0000000100000000)
  eden space 125440K, 100% used [0x00000000eab00000,0x00000000f2580000,0x00000000f2580000)
  from space 12800K, 84% used [0x00000000f3380000,0x00000000f3e0c2d0,0x00000000f4000000)
  to   space 14336K, 0% used [0x00000000f2580000,0x00000000f2580000,0x00000000f3380000)
 ParOldGen       total 42496K, used 21864K [0x00000000c0000000, 0x00000000c2980000, 0x00000000eab00000)
  object space 42496K, 51% used [0x00000000c0000000,0x00000000c155a078,0x00000000c2980000)
 Metaspace       used 6241K, capacity 7128K, committed 7424K, reserved 1056768K
  class space    used 614K, capacity 656K, committed 768K, reserved 1048576K

Deoptimization events (10 events):
Event: 8.073 Thread 0x00007f637400a000 Uncommon trap: reason=bimorphic action=maybe_recompile pc=0x00007f636538e1e8 method=java.util.HashMap.putVal(ILjava/lang/Object;Ljava/lang/Object;ZZ)Ljava/lang/Object; @ 203
Event: 8.421 Thread 0x00007f6374167000 Uncommon trap: reason=bimorphic action=maybe_recompile pc=0x00007f63651f74d8 method=java.util.HashMap.getNode(ILjava/lang/Object;)Ljava/util/HashMap$Node; @ 126
Event: 8.422 Thread 0x00007f6374167000 Uncommon trap: reason=bimorphic action=maybe_recompile pc=0x00007f6365230758 method=java.util.HashMap.getNode(ILjava/lang/Object;)Ljava/util/HashMap$Node; @ 126
Event: 10.314 Thread 0x00007f6374167000 Uncommon trap: reason=unstable_if action=reinterpret pc=0x00007f636533b6c4 method=com.android.dx.util.IntList.binarysearch(I)I @ 105
Event: 10.725 Thread 0x00007f6374164800 Uncommon trap: reason=unstable_if action=reinterpret pc=0x00007f636533a73c method=com.android.dx.ssa.SsaMethod.updateOneDefinition(Lcom/android/dx/ssa/SsaInsn;Lcom/android/dx/rop/code/RegisterSpec;)V @ 4
Event: 12.880 Thread 0x00007f6374165800 Uncommon trap: reason=bimorphic action=maybe_recompile pc=0x00007f636538e1e8 method=java.util.HashMap.putVal(ILjava/lang/Object;Ljava/lang/Object;ZZ)Ljava/lang/Object; @ 203
Event: 12.880 Thread 0x00007f6374165800 Uncommon trap: reason=bimorphic action=maybe_recompile pc=0x00007f636538e1e8 method=java.util.HashMap.putVal(ILjava/lang/Object;Ljava/lang/Object;ZZ)Ljava/lang/Object; @ 203
Event: 12.930 Thread 0x00007f6374165800 Uncommon trap: reason=unstable_if action=reinterpret pc=0x00007f636529c9a4 method=java.util.HashMap.putVal(ILjava/lang/Object;Ljava/lang/Object;ZZ)Ljava/lang/Object; @ 162
Event: 13.096 Thread 0x00007f637400a000 Uncommon trap: reason=unstable_if action=reinterpret pc=0x00007f636538dd10 method=java.util.HashMap.putVal(ILjava/lang/Object;Ljava/lang/Object;ZZ)Ljava/lang/Object; @ 162
Event: 15.029 Thread 0x00007f6374164800 Uncommon trap: reason=unstable_if action=reinterpret pc=0x00007f636530ea88 method=com.android.dx.dex.code.OutputFinisher.hasLocalInfo(Lcom/android/dx/dex/code/DalvInsn;)Z @ 24

Internal exceptions (5 events):
Event: 0.273 Thread 0x00007f637400a000 Exception <a 'java/lang/NoSuchMethodError': Method sun.misc.Unsafe.defineClass(Ljava/lang/String;[BII)Ljava/lang/Class; name or signature does not match> (0x00000000eab07ca8) thrown at [/HUDSON3/workspace/8-2-build-linux-amd64/jdk8u121/8372/hotspot/src/sh
Event: 0.273 Thread 0x00007f637400a000 Exception <a 'java/lang/NoSuchMethodError': Method sun.misc.Unsafe.prefetchRead(Ljava/lang/Object;J)V name or signature does not match> (0x00000000eab07f90) thrown at [/HUDSON3/workspace/8-2-build-linux-amd64/jdk8u121/8372/hotspot/src/share/vm/prims/jni.c
Event: 12.972 Thread 0x00007f6374165800 Exception <a 'java/lang/ArrayIndexOutOfBoundsException': 18> (0x00000000ed28a7f8) thrown at [/HUDSON3/workspace/8-2-build-linux-amd64/jdk8u121/8372/hotspot/src/share/vm/interpreter/interpreterRuntime.cpp, line 366]
Event: 12.973 Thread 0x00007f6374165800 Exception <a 'java/lang/ArrayIndexOutOfBoundsException': 145> (0x00000000ed28c378) thrown at [/HUDSON3/workspace/8-2-build-linux-amd64/jdk8u121/8372/hotspot/src/share/vm/interpreter/interpreterRuntime.cpp, line 366]
Event: 12.982 Thread 0x00007f6374165800 Exception <a 'java/lang/ArrayIndexOutOfBoundsException': 40> (0x00000000ed28d660) thrown at [/HUDSON3/workspace/8-2-build-linux-amd64/jdk8u121/8372/hotspot/src/share/vm/interpreter/interpreterRuntime.cpp, line 366]

Events (10 events):
Event: 15.845 Thread 0x00007f6374167000 DEOPT UNPACKING pc=0x00007f6365047633 sp=0x00007f635c90b908 mode 0
Event: 16.014 Thread 0x00007f6374165800 DEOPT PACKING pc=0x00007f6365331310 sp=0x00007f635ca0cc30
Event: 16.014 Thread 0x00007f6374165800 DEOPT UNPACKING pc=0x00007f6365047633 sp=0x00007f635ca0ca18 mode 0
Event: 16.101 Thread 0x00007f6374164800 DEOPT PACKING pc=0x00007f6365387c2c sp=0x00007f635cb0dff0
Event: 16.101 Thread 0x00007f6374164800 DEOPT UNPACKING pc=0x00007f6365047633 sp=0x00007f635cb0dcf0 mode 0
Event: 16.135 Thread 0x00007f6374160000 DEOPT PACKING pc=0x00007f636549be9a sp=0x00007f635cd10200
Event: 16.135 Thread 0x00007f6374160000 DEOPT UNPACKING pc=0x00007f6365047633 sp=0x00007f635cd0ffb0 mode 0
Event: 16.321 Thread 0x00007f6374164800 DEOPT PACKING pc=0x00007f636549b243 sp=0x00007f635cb0e2a0
Event: 16.321 Thread 0x00007f6374164800 DEOPT UNPACKING pc=0x00007f6365047633 sp=0x00007f635cb0e010 mode 0
Event: 16.327 Executing VM operation: ParallelGCFailedAllocation


Dynamic libraries:
00400000-00401000 r-xp 00000000 08:07 1029220                            /usr/lib/jvm/java-8-oracle/bin/java
00600000-00601000 rw-p 00000000 08:07 1029220                            /usr/lib/jvm/java-8-oracle/bin/java
0255e000-0257f000 rw-p 00000000 00:00 0                                  [heap]
c0000000-c2980000 rw-p 00000000 00:00 0 
c2980000-eab00000 ---p 00000000 00:00 0 
eab00000-f4300000 rw-p 00000000 00:00 0 
fce00000-100000000 ---p 00000000 00:00 0 
100000000-1000c0000 rw-p 00000000 00:00 0 
1000c0000-140000000 ---p 00000000 00:00 0 
7f6310000000-7f6310021000 rw-p 00000000 00:00 0 
7f6310021000-7f6314000000 ---p 00000000 00:00 0 
7f6318000000-7f6318033000 rw-p 00000000 00:00 0 
7f6318033000-7f631c000000 ---p 00000000 00:00 0 
7f631c000000-7f631c021000 rw-p 00000000 00:00 0 
7f631c021000-7f6320000000 ---p 00000000 00:00 0 
7f6320000000-7f632002e000 rw-p 00000000 00:00 0 
7f632002e000-7f6324000000 ---p 00000000 00:00 0 
7f6324000000-7f6324021000 rw-p 00000000 00:00 0 
7f6324021000-7f6328000000 ---p 00000000 00:00 0 
7f6328000000-7f6328021000 rw-p 00000000 00:00 0 
7f6328021000-7f632c000000 ---p 00000000 00:00 0 
7f632c000000-7f632c021000 rw-p 00000000 00:00 0 
7f632c021000-7f6330000000 ---p 00000000 00:00 0 
7f6330000000-7f6330920000 rw-p 00000000 00:00 0 
7f6330920000-7f6334000000 ---p 00000000 00:00 0 
7f6334000000-7f6334950000 rw-p 00000000 00:00 0 
7f6334950000-7f6338000000 ---p 00000000 00:00 0 
7f6338000000-7f6338021000 rw-p 00000000 00:00 0 
7f6338021000-7f633c000000 ---p 00000000 00:00 0 
7f633c000000-7f633c801000 rw-p 00000000 00:00 0 
7f633c801000-7f6340000000 ---p 00000000 00:00 0 
7f6340000000-7f6340021000 rw-p 00000000 00:00 0 
7f6340021000-7f6344000000 ---p 00000000 00:00 0 
7f6344000000-7f6344021000 rw-p 00000000 00:00 0 
7f6344021000-7f6348000000 ---p 00000000 00:00 0 
7f6348000000-7f6348021000 rw-p 00000000 00:00 0 
7f6348021000-7f634c000000 ---p 00000000 00:00 0 
7f634c000000-7f634c28d000 rw-p 00000000 00:00 0 
7f634c28d000-7f6350000000 ---p 00000000 00:00 0 
7f6350000000-7f6350021000 rw-p 00000000 00:00 0 
7f6350021000-7f6354000000 ---p 00000000 00:00 0 
7f6358000000-7f6358021000 rw-p 00000000 00:00 0 
7f6358021000-7f635c000000 ---p 00000000 00:00 0 
7f635c80d000-7f635c810000 ---p 00000000 00:00 0 
7f635c810000-7f635c90e000 rw-p 00000000 00:00 0                          [stack:17696]
7f635c90e000-7f635c911000 ---p 00000000 00:00 0 
7f635c911000-7f635ca0f000 rw-p 00000000 00:00 0                          [stack:17695]
7f635ca0f000-7f635ca12000 ---p 00000000 00:00 0 
7f635ca12000-7f635cb10000 rw-p 00000000 00:00 0                          [stack:17694]
7f635cb10000-7f635cb13000 ---p 00000000 00:00 0 
7f635cb13000-7f635cc11000 rw-p 00000000 00:00 0                          [stack:17693]
7f635cc11000-7f635cc14000 ---p 00000000 00:00 0 
7f635cc14000-7f635cd12000 rw-p 00000000 00:00 0                          [stack:17692]
7f635cd12000-7f635cd13000 ---p 00000000 00:00 0 
7f635cd13000-7f635ce13000 rw-p 00000000 00:00 0                          [stack:17682]
7f635ce13000-7f635ce16000 ---p 00000000 00:00 0 
7f635ce16000-7f635cf14000 rw-p 00000000 00:00 0                          [stack:17680]
7f635cf14000-7f635cf17000 ---p 00000000 00:00 0 
7f635cf17000-7f635d015000 rw-p 00000000 00:00 0                          [stack:17678]
7f635d015000-7f635d018000 ---p 00000000 00:00 0 
7f635d018000-7f635d116000 rw-p 00000000 00:00 0                          [stack:17676]
7f635d116000-7f635d119000 ---p 00000000 00:00 0 
7f635d119000-7f635d217000 rw-p 00000000 00:00 0                          [stack:17674]
7f635d217000-7f635d21a000 ---p 00000000 00:00 0 
7f635d21a000-7f635d318000 rw-p 00000000 00:00 0                          [stack:17672]
7f635d318000-7f635d9fa000 r--p 00000000 08:07 400878                     /usr/lib/locale/locale-archive
7f635d9fa000-7f635d9fd000 ---p 00000000 00:00 0 
7f635d9fd000-7f635dafb000 rw-p 00000000 00:00 0                          [stack:17665]
7f635dafb000-7f635dafe000 ---p 00000000 00:00 0 
7f635dafe000-7f635dbfc000 rw-p 00000000 00:00 0                          [stack:17664]
7f635dbfc000-7f635dbfd000 ---p 00000000 00:00 0 
7f635dbfd000-7f6360000000 rw-p 00000000 00:00 0                          [stack:17663]
7f6360000000-7f6360021000 rw-p 00000000 00:00 0 
7f6360021000-7f6364000000 ---p 00000000 00:00 0 
7f63640ad000-7f63640b7000 r--s 000a0000 08:08 922314                     /home/suraj/AndroidstudioProjects/DailyExpenses/app/build/intermediates/exploded-aar/com.android.support/appcompat-v7/25.1.0/jars/classes.jar
7f63640b7000-7f6364e80000 rw-p 00000000 00:00 0 
7f6364e80000-7f6365000000 ---p 00000000 00:00 0 
7f6365000000-7f6365620000 rwxp 00000000 00:00 0 
7f6365620000-7f6374000000 ---p 00000000 00:00 0 
7f6374000000-7f63743b3000 rw-p 00000000 00:00 0 
7f63743b3000-7f6378000000 ---p 00000000 00:00 0 
7f6378009000-7f6378017000 r--s 000e0000 08:08 550918                     /home/suraj/android/android-sdk-linux/build-tools/24.0.2/lib/dx.jar
7f6378017000-7f637857f000 rw-p 00000000 00:00 0 
7f637857f000-7f6378758000 r--s 03d3e000 08:07 1032068                    /usr/lib/jvm/java-8-oracle/jre/lib/rt.jar
7f6378758000-7f63789ce000 rw-p 00000000 00:00 0 
7f63789ce000-7f63789cf000 ---p 00000000 00:00 0 
7f63789cf000-7f6378acf000 rw-p 00000000 00:00 0                          [stack:17662]
7f6378acf000-7f6378ad0000 ---p 00000000 00:00 0 
7f6378ad0000-7f6378bd0000 rw-p 00000000 00:00 0                          [stack:17661]
7f6378bd0000-7f6378bd1000 ---p 00000000 00:00 0 
7f6378bd1000-7f6378cd1000 rw-p 00000000 00:00 0                          [stack:17660]
7f6378cd1000-7f6378cd2000 ---p 00000000 00:00 0 
7f6378cd2000-7f6378de7000 rw-p 00000000 00:00 0                          [stack:17659]
7f6378de7000-7f6378f28000 ---p 00000000 00:00 0 
7f6378f28000-7f6378f3d000 rw-p 00000000 00:00 0 
7f6378f3d000-7f637907d000 ---p 00000000 00:00 0 
7f637907d000-7f63790ca000 rw-p 00000000 00:00 0 
7f63790ca000-7f6379128000 ---p 00000000 00:00 0 
7f6379128000-7f6379142000 rw-p 00000000 00:00 0 
7f6379142000-7f63794e9000 ---p 00000000 00:00 0 
7f63794e9000-7f6379503000 r-xp 00000000 08:07 1031866                    /usr/lib/jvm/java-8-oracle/jre/lib/amd64/libzip.so
7f6379503000-7f6379703000 ---p 0001a000 08:07 1031866                    /usr/lib/jvm/java-8-oracle/jre/lib/amd64/libzip.so
7f6379703000-7f6379704000 rw-p 0001a000 08:07 1031866                    /usr/lib/jvm/java-8-oracle/jre/lib/amd64/libzip.so
7f6379704000-7f637970e000 r-xp 00000000 08:07 12252                      /lib/x86_64-linux-gnu/libnss_files-2.19.so
7f637970e000-7f637990d000 ---p 0000a000 08:07 12252                      /lib/x86_64-linux-gnu/libnss_files-2.19.so
7f637990d000-7f637990e000 r--p 00009000 08:07 12252                      /lib/x86_64-linux-gnu/libnss_files-2.19.so
7f637990e000-7f637990f000 rw-p 0000a000 08:07 12252                      /lib/x86_64-linux-gnu/libnss_files-2.19.so
7f637990f000-7f637991a000 r-xp 00000000 08:07 12244                      /lib/x86_64-linux-gnu/libnss_nis-2.19.so
7f637991a000-7f6379b19000 ---p 0000b000 08:07 12244                      /lib/x86_64-linux-gnu/libnss_nis-2.19.so
7f6379b19000-7f6379b1a000 r--p 0000a000 08:07 12244                      /lib/x86_64-linux-gnu/libnss_nis-2.19.so
7f6379b1a000-7f6379b1b000 rw-p 0000b000 08:07 12244                      /lib/x86_64-linux-gnu/libnss_nis-2.19.so
7f6379b1b000-7f6379b32000 r-xp 00000000 08:07 12240                      /lib/x86_64-linux-gnu/libnsl-2.19.so
7f6379b32000-7f6379d31000 ---p 00017000 08:07 12240                      /lib/x86_64-linux-gnu/libnsl-2.19.so
7f6379d31000-7f6379d32000 r--p 00016000 08:07 12240                      /lib/x86_64-linux-gnu/libnsl-2.19.so
7f6379d32000-7f6379d33000 rw-p 00017000 08:07 12240                      /lib/x86_64-linux-gnu/libnsl-2.19.so
7f6379d33000-7f6379d35000 rw-p 00000000 00:00 0 
7f6379d35000-7f6379d3e000 r-xp 00000000 08:07 12239                      /lib/x86_64-linux-gnu/libnss_compat-2.19.so
7f6379d3e000-7f6379f3d000 ---p 00009000 08:07 12239                      /lib/x86_64-linux-gnu/libnss_compat-2.19.so
7f6379f3d000-7f6379f3e000 r--p 00008000 08:07 12239                      /lib/x86_64-linux-gnu/libnss_compat-2.19.so
7f6379f3e000-7f6379f3f000 rw-p 00009000 08:07 12239                      /lib/x86_64-linux-gnu/libnss_compat-2.19.so
7f6379f3f000-7f6379f6a000 r-xp 00000000 08:07 1031902                    /usr/lib/jvm/java-8-oracle/jre/lib/amd64/libjava.so
7f6379f6a000-7f637a169000 ---p 0002b000 08:07 1031902                    /usr/lib/jvm/java-8-oracle/jre/lib/amd64/libjava.so
7f637a169000-7f637a16b000 rw-p 0002a000 08:07 1031902                    /usr/lib/jvm/java-8-oracle/jre/lib/amd64/libjava.so
7f637a16b000-7f637a178000 r-xp 00000000 08:07 1031958                    /usr/lib/jvm/java-8-oracle/jre/lib/amd64/libverify.so
7f637a178000-7f637a377000 ---p 0000d000 08:07 1031958                    /usr/lib/jvm/java-8-oracle/jre/lib/amd64/libverify.so
7f637a377000-7f637a379000 rw-p 0000c000 08:07 1031958                    /usr/lib/jvm/java-8-oracle/jre/lib/amd64/libverify.so
7f637a379000-7f637a380000 r-xp 00000000 08:07 12248                      /lib/x86_64-linux-gnu/librt-2.19.so
7f637a380000-7f637a57f000 ---p 00007000 08:07 12248                      /lib/x86_64-linux-gnu/librt-2.19.so
7f637a57f000-7f637a580000 r--p 00006000 08:07 12248                      /lib/x86_64-linux-gnu/librt-2.19.so
7f637a580000-7f637a581000 rw-p 00007000 08:07 12248                      /lib/x86_64-linux-gnu/librt-2.19.so
7f637a581000-7f637a686000 r-xp 00000000 08:07 10642                      /lib/x86_64-linux-gnu/libm-2.19.so
7f637a686000-7f637a885000 ---p 00105000 08:07 10642                      /lib/x86_64-linux-gnu/libm-2.19.so
7f637a885000-7f637a886000 r--p 00104000 08:07 10642                      /lib/x86_64-linux-gnu/libm-2.19.so
7f637a886000-7f637a887000 rw-p 00105000 08:07 10642                      /lib/x86_64-linux-gnu/libm-2.19.so
7f637a887000-7f637b555000 r-xp 00000000 08:07 1031932                    /usr/lib/jvm/java-8-oracle/jre/lib/amd64/server/libjvm.so
7f637b555000-7f637b755000 ---p 00cce000 08:07 1031932                    /usr/lib/jvm/java-8-oracle/jre/lib/amd64/server/libjvm.so
7f637b755000-7f637b82e000 rw-p 00cce000 08:07 1031932                    /usr/lib/jvm/java-8-oracle/jre/lib/amd64/server/libjvm.so
7f637b82e000-7f637b879000 rw-p 00000000 00:00 0 
7f637b879000-7f637ba33000 r-xp 00000000 08:07 12249                      /lib/x86_64-linux-gnu/libc-2.19.so
7f637ba33000-7f637bc33000 ---p 001ba000 08:07 12249                      /lib/x86_64-linux-gnu/libc-2.19.so
7f637bc33000-7f637bc37000 r--p 001ba000 08:07 12249                      /lib/x86_64-linux-gnu/libc-2.19.so
7f637bc37000-7f637bc39000 rw-p 001be000 08:07 12249                      /lib/x86_64-linux-gnu/libc-2.19.so
7f637bc39000-7f637bc3e000 rw-p 00000000 00:00 0 
7f637bc3e000-7f637bc41000 r-xp 00000000 08:07 12236                      /lib/x86_64-linux-gnu/libdl-2.19.so
7f637bc41000-7f637be40000 ---p 00003000 08:07 12236                      /lib/x86_64-linux-gnu/libdl-2.19.so
7f637be40000-7f637be41000 r--p 00002000 08:07 12236                      /lib/x86_64-linux-gnu/libdl-2.19.so
7f637be41000-7f637be42000 rw-p 00003000 08:07 12236                      /lib/x86_64-linux-gnu/libdl-2.19.so
7f637be42000-7f637be57000 r-xp 00000000 08:07 1029316                    /usr/lib/jvm/java-8-oracle/lib/amd64/jli/libjli.so
7f637be57000-7f637c057000 ---p 00015000 08:07 1029316                    /usr/lib/jvm/java-8-oracle/lib/amd64/jli/libjli.so
7f637c057000-7f637c058000 rw-p 00015000 08:07 1029316                    /usr/lib/jvm/java-8-oracle/lib/amd64/jli/libjli.so
7f637c058000-7f637c071000 r-xp 00000000 08:07 12241                      /lib/x86_64-linux-gnu/libpthread-2.19.so
7f637c071000-7f637c270000 ---p 00019000 08:07 12241                      /lib/x86_64-linux-gnu/libpthread-2.19.so
7f637c270000-7f637c271000 r--p 00018000 08:07 12241                      /lib/x86_64-linux-gnu/libpthread-2.19.so
7f637c271000-7f637c272000 rw-p 00019000 08:07 12241                      /lib/x86_64-linux-gnu/libpthread-2.19.so
7f637c272000-7f637c276000 rw-p 00000000 00:00 0 
7f637c276000-7f637c299000 r-xp 00000000 08:07 12242                      /lib/x86_64-linux-gnu/ld-2.19.so
7f637c29d000-7f637c36f000 rw-p 00000000 00:00 0 
7f637c36f000-7f637c372000 ---p 00000000 00:00 0 
7f637c372000-7f637c474000 rw-p 00000000 00:00 0                          [stack:17657]
7f637c477000-7f637c48c000 rw-p 00000000 00:00 0 
7f637c48c000-7f637c494000 rw-s 00000000 08:07 17172                      /tmp/hsperfdata_suraj/17653
7f637c494000-7f637c495000 rw-p 00000000 00:00 0 
7f637c495000-7f637c496000 ---p 00000000 00:00 0 
7f637c496000-7f637c498000 rw-p 00000000 00:00 0 
7f637c498000-7f637c499000 r--p 00022000 08:07 12242                      /lib/x86_64-linux-gnu/ld-2.19.so
7f637c499000-7f637c49a000 rw-p 00023000 08:07 12242                      /lib/x86_64-linux-gnu/ld-2.19.so
7f637c49a000-7f637c49b000 rw-p 00000000 00:00 0 
7fffb7871000-7fffb7893000 rw-p 00000000 00:00 0                          [stack]
7fffb79ce000-7fffb79d0000 r--p 00000000 00:00 0                          [vvar]
7fffb79d0000-7fffb79d2000 r-xp 00000000 00:00 0                          [vdso]
ffffffffff600000-ffffffffff601000 r-xp 00000000 00:00 0                  [vsyscall]

VM Arguments:
jvm_args: -Djava.awt.headless=true -Xmx1024M -Dfile.encoding=UTF-8 -Duser.country=IN -Duser.language=en -Duser.variant 
java_command: com.android.dx.command.Main --dex --num-threads=4 --output /home/suraj/AndroidstudioProjects/DailyExpenses/app/build/intermediates/pre-dexed/debug/com.android.support-appcompat-v7-25.1.0_c595e483a129058eddb73123881b751783fda8d7.jar /home/suraj/AndroidstudioProjects/DailyExpenses/app/build/intermediates/exploded-aar/com.android.support/appcompat-v7/25.1.0/jars/classes.jar
java_class_path (initial): /home/suraj/android/android-sdk-linux/build-tools/24.0.2/lib/dx.jar
Launcher Type: SUN_STANDARD

Environment Variables:
JAVA_HOME=/usr/lib/jvm/java-8-oracle
PATH=/usr/local/heroku/bin:/home/suraj/.rbenv/plugins/ruby-build/bin:/home/suraj/.rbenv/shims:/home/suraj/.rbenv/bin:/usr/local/sbin:/usr/local/bin:/usr/sbin:/usr/bin:/sbin:/bin:/usr/games:/usr/local/games:/usr/lib/jvm/java-8-oracle/bin:/usr/lib/jvm/java-8-oracle/db/bin:/usr/lib/jvm/java-8-oracle/jre/bin:/home/suraj/scripts/:/home/suraj/scala-2.11.8/bin/:/home/suraj/android/toolchain/arm-cortex_a8-linux-gnueabi-linaro_4.7.4-2014.04/bin:/home/suraj/android/android-sdk-linux/tools:/home/suraj/android/android-sdk-linux/platform-tools
LD_LIBRARY_PATH=/home/suraj/android-studio/bin::/usr/local/lib
SHELL=/bin/bash
DISPLAY=:0
ARCH=arm

Signal Handlers:
SIGSEGV: [libjvm.so+0xac78c0], sa_mask[0]=11111111011111111101111111111110, sa_flags=SA_RESTART|SA_SIGINFO
SIGBUS: [libjvm.so+0xac78c0], sa_mask[0]=11111111011111111101111111111110, sa_flags=SA_RESTART|SA_SIGINFO
SIGFPE: [libjvm.so+0x920ac0], sa_mask[0]=11111111011111111101111111111110, sa_flags=SA_RESTART|SA_SIGINFO
SIGPIPE: [libjvm.so+0x920ac0], sa_mask[0]=11111111011111111101111111111110, sa_flags=SA_RESTART|SA_SIGINFO
SIGXFSZ: [libjvm.so+0x920ac0], sa_mask[0]=11111111011111111101111111111110, sa_flags=SA_RESTART|SA_SIGINFO
SIGILL: [libjvm.so+0x920ac0], sa_mask[0]=11111111011111111101111111111110, sa_flags=SA_RESTART|SA_SIGINFO
SIGUSR1: SIG_DFL, sa_mask[0]=00000000000000000000000000000000, sa_flags=none
SIGUSR2: [libjvm.so+0x922300], sa_mask[0]=00100000000000000000000000000000, sa_flags=SA_RESTART|SA_SIGINFO
SIGHUP: [libjvm.so+0x923700], sa_mask[0]=11111111011111111101111111111110, sa_flags=SA_RESTART|SA_SIGINFO
SIGINT: [libjvm.so+0x923700], sa_mask[0]=11111111011111111101111111111110, sa_flags=SA_RESTART|SA_SIGINFO
SIGTERM: [libjvm.so+0x923700], sa_mask[0]=11111111011111111101111111111110, sa_flags=SA_RESTART|SA_SIGINFO
SIGQUIT: [libjvm.so+0x923700], sa_mask[0]=11111111011111111101111111111110, sa_flags=SA_RESTART|SA_SIGINFO


---------------  S Y S T E M  ---------------

OS:DISTRIB_ID=Ubuntu
DISTRIB_RELEASE=14.04
DISTRIB_CODENAME=trusty
DISTRIB_DESCRIPTION="Ubuntu 14.04.5 LTS"

uname:Linux 3.17.0-031700-generic #201410060605 SMP Mon Oct 6 10:07:09 UTC 2014 x86_64
libc:glibc 2.19 NPTL 2.19 
rlimit: STACK 8192k, CORE 0k, NPROC 15258, NOFILE 4096, AS infinity
load average:10.07 3.72 1.93

/proc/meminfo:
MemTotal:        3952400 kB
MemFree:          130700 kB
MemAvailable:      96000 kB
Buffers:            1648 kB
Cached:           584316 kB
SwapCached:            0 kB
Active:          3101740 kB
Inactive:         535764 kB
Active(anon):    3073628 kB
Inactive(anon):   509188 kB
Active(file):      28112 kB
Inactive(file):    26576 kB
Unevictable:          32 kB
Mlocked:              32 kB
SwapTotal:             0 kB
SwapFree:              0 kB
Dirty:               584 kB
Writeback:             0 kB
AnonPages:       3050472 kB
Mapped:           123612 kB
Shmem:            532356 kB
Slab:              79080 kB
SReclaimable:      44836 kB
SUnreclaim:        34244 kB
KernelStack:       11664 kB
PageTables:        36848 kB
NFS_Unstable:          0 kB
Bounce:                0 kB
WritebackTmp:          0 kB
CommitLimit:     1976200 kB
Committed_AS:    7608068 kB
VmallocTotal:   34359738367 kB
VmallocUsed:      352460 kB
VmallocChunk:   34359289744 kB
HardwareCorrupted:     0 kB
AnonHugePages:    849920 kB
HugePages_Total:       0
HugePages_Free:        0
HugePages_Rsvd:        0
HugePages_Surp:        0
Hugepagesize:       2048 kB
DirectMap4k:       72980 kB
DirectMap2M:     2977792 kB
DirectMap1G:     1048576 kB


CPU:total 4 (2 cores per cpu, 2 threads per core) family 6 model 69 stepping 1, cmov, cx8, fxsr, mmx, sse, sse2, sse3, ssse3, sse4.1, sse4.2, popcnt, avx, avx2, aes, clmul, erms, lzcnt, ht, tsc, tscinvbit, bmi1, bmi2

/proc/cpuinfo:
processor	: 0
vendor_id	: GenuineIntel
cpu family	: 6
model		: 69
model name	: Intel(R) Core(TM) i5-4200U CPU @ 1.60GHz
stepping	: 1
microcode	: 0x16
cpu MHz		: 799.968
cache size	: 3072 KB
physical id	: 0
siblings	: 4
core id		: 0
cpu cores	: 2
apicid		: 0
initial apicid	: 0
fpu		: yes
fpu_exception	: yes
cpuid level	: 13
wp		: yes
flags		: fpu vme de pse tsc msr pae mce cx8 apic sep mtrr pge mca cmov pat pse36 clflush dts acpi mmx fxsr sse sse2 ss ht tm pbe syscall nx pdpe1gb rdtscp lm constant_tsc arch_perfmon pebs bts rep_good nopl xtopology nonstop_tsc aperfmperf eagerfpu pni pclmulqdq dtes64 monitor ds_cpl vmx est tm2 ssse3 fma cx16 xtpr pdcm pcid sse4_1 sse4_2 movbe popcnt tsc_deadline_timer aes xsave avx f16c rdrand lahf_lm abm ida arat epb pln pts dtherm tpr_shadow vnmi flexpriority ept vpid fsgsbase tsc_adjust bmi1 avx2 smep bmi2 erms invpcid xsaveopt
bugs		:
bogomips	: 4589.17
clflush size	: 64
cache_alignment	: 64
address sizes	: 39 bits physical, 48 bits virtual
power management:

processor	: 1
vendor_id	: GenuineIntel
cpu family	: 6
model		: 69
model name	: Intel(R) Core(TM) i5-4200U CPU @ 1.60GHz
stepping	: 1
microcode	: 0x16
cpu MHz		: 799.968
cache size	: 3072 KB
physical id	: 0
siblings	: 4
core id		: 1
cpu cores	: 2
apicid		: 2
initial apicid	: 2
fpu		: yes
fpu_exception	: yes
cpuid level	: 13
wp		: yes
flags		: fpu vme de pse tsc msr pae mce cx8 apic sep mtrr pge mca cmov pat pse36 clflush dts acpi mmx fxsr sse sse2 ss ht tm pbe syscall nx pdpe1gb rdtscp lm constant_tsc arch_perfmon pebs bts rep_good nopl xtopology nonstop_tsc aperfmperf eagerfpu pni pclmulqdq dtes64 monitor ds_cpl vmx est tm2 ssse3 fma cx16 xtpr pdcm pcid sse4_1 sse4_2 movbe popcnt tsc_deadline_timer aes xsave avx f16c rdrand lahf_lm abm ida arat epb pln pts dtherm tpr_shadow vnmi flexpriority ept vpid fsgsbase tsc_adjust bmi1 avx2 smep bmi2 erms invpcid xsaveopt
bugs		:
bogomips	: 4589.17
clflush size	: 64
cache_alignment	: 64
address sizes	: 39 bits physical, 48 bits virtual
power management:

processor	: 2
vendor_id	: GenuineIntel
cpu family	: 6
model		: 69
model name	: Intel(R) Core(TM) i5-4200U CPU @ 1.60GHz
stepping	: 1
microcode	: 0x16
cpu MHz		: 799.968
cache size	: 3072 KB
physical id	: 0
siblings	: 4
core id		: 0
cpu cores	: 2
apicid		: 1
initial apicid	: 1
fpu		: yes
fpu_exception	: yes
cpuid level	: 13
wp		: yes
flags		: fpu vme de pse tsc msr pae mce cx8 apic sep mtrr pge mca cmov pat pse36 clflush dts acpi mmx fxsr sse sse2 ss ht tm pbe syscall nx pdpe1gb rdtscp lm constant_tsc arch_perfmon pebs bts rep_good nopl xtopology nonstop_tsc aperfmperf eagerfpu pni pclmulqdq dtes64 monitor ds_cpl vmx est tm2 ssse3 fma cx16 xtpr pdcm pcid sse4_1 sse4_2 movbe popcnt tsc_deadline_timer aes xsave avx f16c rdrand lahf_lm abm ida arat epb pln pts dtherm tpr_shadow vnmi flexpriority ept vpid fsgsbase tsc_adjust bmi1 avx2 smep bmi2 erms invpcid xsaveopt
bugs		:
bogomips	: 4589.17
clflush size	: 64
cache_alignment	: 64
address sizes	: 39 bits physical, 48 bits virtual
power management:

processor	: 3
vendor_id	: GenuineIntel
cpu family	: 6
model		: 69
model name	: Intel(R) Core(TM) i5-4200U CPU @ 1.60GHz
stepping	: 1
microcode	: 0x16
cpu MHz		: 799.968
cache size	: 3072 KB
physical id	: 0
siblings	: 4
core id		: 1
cpu cores	: 2
apicid		: 3
initial apicid	: 3
fpu		: yes
fpu_exception	: yes
cpuid level	: 13
wp		: yes
flags		: fpu vme de pse tsc msr pae mce cx8 apic sep mtrr pge mca cmov pat pse36 clflush dts acpi mmx fxsr sse sse2 ss ht tm pbe syscall nx pdpe1gb rdtscp lm constant_tsc arch_perfmon pebs bts rep_good nopl xtopology nonstop_tsc aperfmperf eagerfpu pni pclmulqdq dtes64 monitor ds_cpl vmx est tm2 ssse3 fma cx16 xtpr pdcm pcid sse4_1 sse4_2 movbe popcnt tsc_deadline_timer aes xsave avx f16c rdrand lahf_lm abm ida arat epb pln pts dtherm tpr_shadow vnmi flexpriority ept vpid fsgsbase tsc_adjust bmi1 avx2 smep bmi2 erms invpcid xsaveopt
bugs		:
bogomips	: 4589.17
clflush size	: 64
cache_alignment	: 64
address sizes	: 39 bits physical, 48 bits virtual
power management:



Memory: 4k page, physical 3952400k(130700k free), swap 0k(0k free)

vm_info: Java HotSpot(TM) 64-Bit Server VM (25.121-b13) for linux-amd64 JRE (1.8.0_121-b13), built on Dec 12 2016 16:36:53 by "java_re" with gcc 4.3.0 20080428 (Red Hat 4.3.0-8)

time: Wed Mar 22 16:31:18 2017
elapsed time: 16 seconds (0d 0h 0m 16s)

