#
# There is insufficient memory for the Java Runtime Environment to continue.
# Native memory allocation (mmap) failed to map 32505856 bytes for committing reserved memory.
# Possible reasons:
#   The system is out of physical RAM or swap space
#   In 32 bit mode, the process size limit was hit
# Possible solutions:
#   Reduce memory load on the system
#   Increase physical memory or swap space
#   Check if swap backing store is full
#   Use 64 bit Java on a 64 bit OS
#   Decrease Java heap size (-Xmx/-Xms)
#   Decrease number of Java threads
#   Decrease Java thread stack sizes (-Xss)
#   Set larger code cache with -XX:ReservedCodeCacheSize=
# This output file may be truncated or incomplete.
#
#  Out of Memory Error (os_linux.cpp:2640), pid=12451, tid=0x00007f44ac63d700
#
# JRE version: Java(TM) SE Runtime Environment (8.0_144-b01) (build 1.8.0_144-b01)
# Java VM: Java HotSpot(TM) 64-Bit Server VM (25.144-b01 mixed mode linux-amd64 compressed oops)
# Failed to write core dump. Core dumps have been disabled. To enable core dumping, try "ulimit -c unlimited" before starting Java again
#

---------------  T H R E A D  ---------------

Current thread (0x00007f44c4078000):  VMThread [stack: 0x00007f44ac53d000,0x00007f44ac63e000] [id=12461]

Stack: [0x00007f44ac53d000,0x00007f44ac63e000],  sp=0x00007f44ac63bf60,  free space=1019k
Native frames: (J=compiled Java code, j=interpreted, Vv=VM code, C=native code)
V  [libjvm.so+0xacb18a]  VMError::report_and_die()+0x2ba
V  [libjvm.so+0x4ff4db]  report_vm_out_of_memory(char const*, int, unsigned long, VMErrorType, char const*)+0x8b
V  [libjvm.so+0x927d23]  os::Linux::commit_memory_impl(char*, unsigned long, bool)+0x103
V  [libjvm.so+0x928279]  os::pd_commit_memory(char*, unsigned long, unsigned long, bool)+0x29
V  [libjvm.so+0x92249a]  os::commit_memory(char*, unsigned long, unsigned long, bool)+0x2a
V  [libjvm.so+0x996ff3]  PSVirtualSpace::expand_by(unsigned long)+0x53
V  [libjvm.so+0x9983f8]  PSYoungGen::resize_generation(unsigned long, unsigned long)+0xf8
V  [libjvm.so+0x997552]  PSYoungGen::resize(unsigned long, unsigned long)+0x22
V  [libjvm.so+0x99482b]  PSScavenge::invoke_no_policy()+0xf3b
V  [libjvm.so+0x994fb1]  PSScavenge::invoke()+0x41
V  [libjvm.so+0x94bce0]  ParallelScavengeHeap::failed_mem_allocate(unsigned long)+0x70
V  [libjvm.so+0xaccba7]  VM_ParallelGCFailedAllocation::doit()+0x97
V  [libjvm.so+0xad4685]  VM_Operation::evaluate()+0x55
V  [libjvm.so+0xad2a5a]  VMThread::evaluate_operation(VM_Operation*)+0xba
V  [libjvm.so+0xad2dde]  VMThread::loop()+0x1ce
V  [libjvm.so+0xad3250]  VMThread::run()+0x70
V  [libjvm.so+0x92a338]  java_start(Thread*)+0x108

VM_Operation (0x00007f44972149f0): ParallelGCFailedAllocation, mode: safepoint, requested by thread 0x00007f44c41a6000


---------------  P R O C E S S  ---------------

Java Threads: ( => current thread )
  0x00007f44c41a6000 JavaThread "pool-1-thread-4" [_thread_blocked, id=12474, stack(0x00007f4497116000,0x00007f4497217000)]
  0x00007f44c4195000 JavaThread "pool-2-thread-1" [_thread_blocked, id=12471, stack(0x00007f4497419000,0x00007f449751a000)]
  0x00007f44c4193800 JavaThread "pool-1-thread-1" [_thread_blocked, id=12470, stack(0x00007f449751a000,0x00007f449761b000)]
  0x00007f44c40c0800 JavaThread "Service Thread" daemon [_thread_blocked, id=12468, stack(0x00007f449771c000,0x00007f449781d000)]
  0x00007f44c40bd000 JavaThread "C1 CompilerThread2" daemon [_thread_blocked, id=12467, stack(0x00007f449781d000,0x00007f449791e000)]
  0x00007f44c40bb800 JavaThread "C2 CompilerThread1" daemon [_thread_blocked, id=12466, stack(0x00007f44ac038000,0x00007f44ac139000)]
  0x00007f44c40b8800 JavaThread "C2 CompilerThread0" daemon [_thread_blocked, id=12465, stack(0x00007f44ac139000,0x00007f44ac23a000)]
  0x00007f44c40b7000 JavaThread "Signal Dispatcher" daemon [_thread_blocked, id=12464, stack(0x00007f44ac23a000,0x00007f44ac33b000)]
  0x00007f44c4084000 JavaThread "Finalizer" daemon [_thread_blocked, id=12463, stack(0x00007f44ac33b000,0x00007f44ac43c000)]
  0x00007f44c407f800 JavaThread "Reference Handler" daemon [_thread_blocked, id=12462, stack(0x00007f44ac43c000,0x00007f44ac53d000)]
  0x00007f44c400a000 JavaThread "main" [_thread_blocked, id=12456, stack(0x00007f44cac01000,0x00007f44cad02000)]

Other Threads:
=>0x00007f44c4078000 VMThread [stack: 0x00007f44ac53d000,0x00007f44ac63e000] [id=12461]
  0x00007f44c40c3000 WatcherThread [stack: 0x00007f449761b000,0x00007f449771c000] [id=12469]

VM state:at safepoint (normal execution)

VM Mutex/Monitor currently owned by a thread:  ([mutex/lock_event])
[0x00007f44c40064f0] Threads_lock - owner thread: 0x00007f44c4078000
[0x00007f44c40069f0] Heap_lock - owner thread: 0x00007f44c41a6000

Heap:
 PSYoungGen      total 34304K, used 2544K [0x00000000eab00000, 0x00000000ecf00000, 0x0000000100000000)
  eden space 31744K, 0% used [0x00000000eab00000,0x00000000eab00000,0x00000000eca00000)
  from space 2560K, 99% used [0x00000000eca00000,0x00000000ecc7c3b8,0x00000000ecc80000)
  to   space 2560K, 0% used [0x00000000ecc80000,0x00000000ecc80000,0x00000000ecf00000)
 ParOldGen       total 42496K, used 9663K [0x00000000c0000000, 0x00000000c2980000, 0x00000000eab00000)
  object space 42496K, 22% used [0x00000000c0000000,0x00000000c096ff40,0x00000000c2980000)
 Metaspace       used 5810K, capacity 6832K, committed 7040K, reserved 1056768K
  class space    used 586K, capacity 616K, committed 640K, reserved 1048576K

Card table byte_map: [0x00007f44b4619000,0x00007f44b481a000] byte_map_base: 0x00007f44b4019000

Marking Bits: (ParMarkBitMap*) 0x00007f44ca0dbdc0
 Begin Bits: [0x00007f44ae000000, 0x00007f44af000000)
 End Bits:   [0x00007f44af000000, 0x00007f44b0000000)

Polling page: 0x00007f44cad29000

CodeCache: size=245760Kb used=3722Kb max_used=3722Kb free=242038Kb
 bounds [0x00007f44b4bda000, 0x00007f44b4f8a000, 0x00007f44c3bda000]
 total_blobs=1252 nmethods=991 adapters=175
 compilation: enabled

Compilation events (10 events):
Event: 16.873 Thread 0x00007f44c40bd000 nmethod 1096 0x00007f44b4f7c850 code [0x00007f44b4f7c9c0, 0x00007f44b4f7cb88]
Event: 16.874 Thread 0x00007f44c40bd000 1097       2       com.android.dx.cf.code.ByteBlockList::get (9 bytes)
Event: 16.875 Thread 0x00007f44c40bd000 nmethod 1097 0x00007f44b4f7cc50 code [0x00007f44b4f7cdc0, 0x00007f44b4f7cf68]
Event: 16.875 Thread 0x00007f44c40bd000 1132       2       com.android.dx.rop.type.StdTypeList::getType (6 bytes)
Event: 16.878 Thread 0x00007f44c40bd000 nmethod 1132 0x00007f44b4f7d010 code [0x00007f44b4f7d180, 0x00007f44b4f7d328]
Event: 16.878 Thread 0x00007f44c40bd000 1138       2       com.android.dx.cf.code.Ropper::addBlock (37 bytes)
Event: 16.907 Thread 0x00007f44c40bd000 nmethod 1138 0x00007f44b4f7d410 code [0x00007f44b4f7d5e0, 0x00007f44b4f7db58]
Event: 16.907 Thread 0x00007f44c40bd000 1145       2       com.android.dx.ssa.SsaMethod::computeReachability (131 bytes)
Event: 16.945 Thread 0x00007f44c40bd000 nmethod 1145 0x00007f44b4f7e090 code [0x00007f44b4f7e300, 0x00007f44b4f7eda8]
Event: 16.946 Thread 0x00007f44c40bd000 1144       2       java.util.HashMap::afterNodeAccess (1 bytes)

GC Heap History (5 events):
Event: 0.855 GC heap before
{Heap before GC invocations=1 (full 0):
 PSYoungGen      total 18432K, used 15872K [0x00000000eab00000, 0x00000000ebf80000, 0x0000000100000000)
  eden space 15872K, 100% used [0x00000000eab00000,0x00000000eba80000,0x00000000eba80000)
  from space 2560K, 0% used [0x00000000ebd00000,0x00000000ebd00000,0x00000000ebf80000)
  to   space 2560K, 0% used [0x00000000eba80000,0x00000000eba80000,0x00000000ebd00000)
 ParOldGen       total 42496K, used 0K [0x00000000c0000000, 0x00000000c2980000, 0x00000000eab00000)
  object space 42496K, 0% used [0x00000000c0000000,0x00000000c0000000,0x00000000c2980000)
 Metaspace       used 5570K, capacity 6640K, committed 6784K, reserved 1056768K
  class space    used 579K, capacity 616K, committed 640K, reserved 1048576K
Event: 0.870 GC heap after
Heap after GC invocations=1 (full 0):
 PSYoungGen      total 18432K, used 2539K [0x00000000eab00000, 0x00000000ecf00000, 0x0000000100000000)
  eden space 15872K, 0% used [0x00000000eab00000,0x00000000eab00000,0x00000000eba80000)
  from space 2560K, 99% used [0x00000000eba80000,0x00000000ebcfae20,0x00000000ebd00000)
  to   space 2560K, 0% used [0x00000000ecc80000,0x00000000ecc80000,0x00000000ecf00000)
 ParOldGen       total 42496K, used 1607K [0x00000000c0000000, 0x00000000c2980000, 0x00000000eab00000)
  object space 42496K, 3% used [0x00000000c0000000,0x00000000c0191c48,0x00000000c2980000)
 Metaspace       used 5570K, capacity 6640K, committed 6784K, reserved 1056768K
  class space    used 579K, capacity 616K, committed 640K, reserved 1048576K
}
Event: 1.210 GC heap before
{Heap before GC invocations=2 (full 0):
 PSYoungGen      total 18432K, used 18411K [0x00000000eab00000, 0x00000000ecf00000, 0x0000000100000000)
  eden space 15872K, 100% used [0x00000000eab00000,0x00000000eba80000,0x00000000eba80000)
  from space 2560K, 99% used [0x00000000eba80000,0x00000000ebcfae20,0x00000000ebd00000)
  to   space 2560K, 0% used [0x00000000ecc80000,0x00000000ecc80000,0x00000000ecf00000)
 ParOldGen       total 42496K, used 1607K [0x00000000c0000000, 0x00000000c2980000, 0x00000000eab00000)
  object space 42496K, 3% used [0x00000000c0000000,0x00000000c0191c48,0x00000000c2980000)
 Metaspace       used 5722K, capacity 6768K, committed 7040K, reserved 1056768K
  class space    used 582K, capacity 616K, committed 640K, reserved 1048576K
Event: 1.231 GC heap after
Heap after GC invocations=2 (full 0):
 PSYoungGen      total 34304K, used 2529K [0x00000000eab00000, 0x00000000ecf00000, 0x0000000100000000)
  eden space 31744K, 0% used [0x00000000eab00000,0x00000000eab00000,0x00000000eca00000)
  from space 2560K, 98% used [0x00000000ecc80000,0x00000000ecef8578,0x00000000ecf00000)
  to   space 2560K, 0% used [0x00000000eca00000,0x00000000eca00000,0x00000000ecc80000)
 ParOldGen       total 42496K, used 4452K [0x00000000c0000000, 0x00000000c2980000, 0x00000000eab00000)
  object space 42496K, 10% used [0x00000000c0000000,0x00000000c04590e8,0x00000000c2980000)
 Metaspace       used 5722K, capacity 6768K, committed 7040K, reserved 1056768K
  class space    used 582K, capacity 616K, committed 640K, reserved 1048576K
}
Event: 16.949 GC heap before
{Heap before GC invocations=3 (full 0):
 PSYoungGen      total 34304K, used 34273K [0x00000000eab00000, 0x00000000ecf00000, 0x0000000100000000)
  eden space 31744K, 100% used [0x00000000eab00000,0x00000000eca00000,0x00000000eca00000)
  from space 2560K, 98% used [0x00000000ecc80000,0x00000000ecef8578,0x00000000ecf00000)
  to   space 2560K, 0% used [0x00000000eca00000,0x00000000eca00000,0x00000000ecc80000)
 ParOldGen       total 42496K, used 4452K [0x00000000c0000000, 0x00000000c2980000, 0x00000000eab00000)
  object space 42496K, 10% used [0x00000000c0000000,0x00000000c04590e8,0x00000000c2980000)
 Metaspace       used 5810K, capacity 6832K, committed 7040K, reserved 1056768K
  class space    used 586K, capacity 616K, committed 640K, reserved 1048576K

Deoptimization events (10 events):
Event: 0.757 Thread 0x00007f44c400a000 Uncommon trap: reason=unstable_if action=reinterpret pc=0x00007f44b4d8c568 method=java.lang.String.<init>([CII)V @ 18
Event: 0.776 Thread 0x00007f44c400a000 Uncommon trap: reason=unstable_if action=reinterpret pc=0x00007f44b4dbdde8 method=java.lang.String.<init>([CII)V @ 18
Event: 0.951 Thread 0x00007f44c4193800 Uncommon trap: reason=class_check action=maybe_recompile pc=0x00007f44b4e64d3c method=com.android.dx.ssa.NormalSsaInsn.accept(Lcom/android/dx/ssa/SsaInsn$Visitor;)V @ 9
Event: 1.032 Thread 0x00007f44c400a000 Uncommon trap: reason=class_check action=maybe_recompile pc=0x00007f44b4e64d3c method=com.android.dx.ssa.NormalSsaInsn.accept(Lcom/android/dx/ssa/SsaInsn$Visitor;)V @ 9
Event: 1.032 Thread 0x00007f44c400a000 Uncommon trap: reason=class_check action=maybe_recompile pc=0x00007f44b4e64d3c method=com.android.dx.ssa.NormalSsaInsn.accept(Lcom/android/dx/ssa/SsaInsn$Visitor;)V @ 9
Event: 1.032 Thread 0x00007f44c400a000 Uncommon trap: reason=class_check action=maybe_recompile pc=0x00007f44b4e64d3c method=com.android.dx.ssa.NormalSsaInsn.accept(Lcom/android/dx/ssa/SsaInsn$Visitor;)V @ 9
Event: 1.032 Thread 0x00007f44c400a000 Uncommon trap: reason=class_check action=maybe_recompile pc=0x00007f44b4e57a50 method=com.android.dx.ssa.NormalSsaInsn.accept(Lcom/android/dx/ssa/SsaInsn$Visitor;)V @ 9
Event: 1.339 Thread 0x00007f44c400a000 Uncommon trap: reason=null_check action=make_not_entrant pc=0x00007f44b4f153ac method=com.android.dx.ssa.SsaRenamer.getLocalForNewReg(I)Lcom/android/dx/rop/code/LocalItem; @ 19
Event: 1.561 Thread 0x00007f44c4193800 Uncommon trap: reason=null_check action=make_not_entrant pc=0x00007f44b4ecb3e8 method=com.android.dx.rop.type.Type.equals(Ljava/lang/Object;)Z @ 8
Event: 1.561 Thread 0x00007f44c41a6000 Uncommon trap: reason=null_check action=make_not_entrant pc=0x00007f44b4ecb3e8 method=com.android.dx.rop.type.Type.equals(Ljava/lang/Object;)Z @ 8

Internal exceptions (5 events):
Event: 0.092 Thread 0x00007f44c400a000 Exception <a 'java/lang/NoSuchMethodError': Method sun.misc.Unsafe.defineClass(Ljava/lang/String;[BII)Ljava/lang/Class; name or signature does not match> (0x00000000eab07ca8) thrown at [/HUDSON3/workspace/8-2-build-linux-amd64/jdk8u144/9417/hotspot/src/sh
Event: 0.092 Thread 0x00007f44c400a000 Exception <a 'java/lang/NoSuchMethodError': Method sun.misc.Unsafe.prefetchRead(Ljava/lang/Object;J)V name or signature does not match> (0x00000000eab07f90) thrown at [/HUDSON3/workspace/8-2-build-linux-amd64/jdk8u144/9417/hotspot/src/share/vm/prims/jni.c
Event: 1.339 Thread 0x00007f44c400a000 Implicit null exception at 0x00007f44b4f140d4 to 0x00007f44b4f15385
Event: 1.557 Thread 0x00007f44c41a6000 Implicit null exception at 0x00007f44b4ecb2e2 to 0x00007f44b4ecb3db
Event: 1.560 Thread 0x00007f44c4193800 Implicit null exception at 0x00007f44b4ecb2e2 to 0x00007f44b4ecb3db

Events (10 events):
Event: 1.624 loading class com/android/dx/cf/attrib/AttRuntimeVisibleAnnotations done
Event: 1.635 loading class java/util/HashMap$KeySet
Event: 1.637 loading class java/util/HashMap$KeySet done
Event: 1.637 loading class java/util/HashMap$KeyIterator
Event: 1.638 loading class java/util/HashMap$KeyIterator done
Event: 6.418 Executing VM operation: EnableBiasedLocking
Event: 7.525 Executing VM operation: EnableBiasedLocking done
Event: 16.540 Thread 0x00007f44c41a4800 Thread exited: 0x00007f44c41a4800
Event: 16.679 Thread 0x00007f44c41a1000 Thread exited: 0x00007f44c41a1000
Event: 16.947 Executing VM operation: ParallelGCFailedAllocation


Dynamic libraries:
00400000-00401000 r-xp 00000000 08:07 828832                             /usr/lib/jvm/java-8-oracle/bin/java
00600000-00601000 rw-p 00000000 08:07 828832                             /usr/lib/jvm/java-8-oracle/bin/java
0145b000-0147c000 rw-p 00000000 00:00 0                                  [heap]
c0000000-c2980000 rw-p 00000000 00:00 0 
c2980000-eab00000 ---p 00000000 00:00 0 
eab00000-ecf00000 rw-p 00000000 00:00 0 
eee00000-100000000 ---p 00000000 00:00 0 
100000000-1000a0000 rw-p 00000000 00:00 0 
1000a0000-140000000 ---p 00000000 00:00 0 
7f4464000000-7f4464021000 rw-p 00000000 00:00 0 
7f4464021000-7f4468000000 ---p 00000000 00:00 0 
7f4468000000-7f4468021000 rw-p 00000000 00:00 0 
7f4468021000-7f446c000000 ---p 00000000 00:00 0 
7f446c000000-7f446c021000 rw-p 00000000 00:00 0 
7f446c021000-7f4470000000 ---p 00000000 00:00 0 
7f4470000000-7f4470021000 rw-p 00000000 00:00 0 
7f4470021000-7f4474000000 ---p 00000000 00:00 0 
7f4474000000-7f4474021000 rw-p 00000000 00:00 0 
7f4474021000-7f4478000000 ---p 00000000 00:00 0 
7f4478000000-7f4478026000 rw-p 00000000 00:00 0 
7f4478026000-7f447c000000 ---p 00000000 00:00 0 
7f447c000000-7f447c7a3000 rw-p 00000000 00:00 0 
7f447c7a3000-7f4480000000 ---p 00000000 00:00 0 
7f4480000000-7f4480021000 rw-p 00000000 00:00 0 
7f4480021000-7f4484000000 ---p 00000000 00:00 0 
7f4484000000-7f4484512000 rw-p 00000000 00:00 0 
7f4484512000-7f4488000000 ---p 00000000 00:00 0 
7f4488000000-7f4488492000 rw-p 00000000 00:00 0 
7f4488492000-7f448c000000 ---p 00000000 00:00 0 
7f448c000000-7f448c021000 rw-p 00000000 00:00 0 
7f448c021000-7f4490000000 ---p 00000000 00:00 0 
7f4490000000-7f4490021000 rw-p 00000000 00:00 0 
7f4490021000-7f4494000000 ---p 00000000 00:00 0 
7f4497116000-7f4497119000 ---p 00000000 00:00 0 
7f4497119000-7f4497217000 rw-p 00000000 00:00 0                          [stack:12474]
7f4497217000-7f449721a000 ---p 00000000 00:00 0 
7f449721a000-7f4497318000 rw-p 00000000 00:00 0 
7f4497318000-7f449731b000 ---p 00000000 00:00 0 
7f449731b000-7f4497419000 rw-p 00000000 00:00 0 
7f4497419000-7f449741c000 ---p 00000000 00:00 0 
7f449741c000-7f449751a000 rw-p 00000000 00:00 0                          [stack:12471]
7f449751a000-7f449751d000 ---p 00000000 00:00 0 
7f449751d000-7f449761b000 rw-p 00000000 00:00 0                          [stack:12470]
7f449761b000-7f449761c000 ---p 00000000 00:00 0 
7f449761c000-7f449771c000 rw-p 00000000 00:00 0                          [stack:12469]
7f449771c000-7f449771f000 ---p 00000000 00:00 0 
7f449771f000-7f449781d000 rw-p 00000000 00:00 0                          [stack:12468]
7f449781d000-7f4497820000 ---p 00000000 00:00 0 
7f4497820000-7f449791e000 rw-p 00000000 00:00 0                          [stack:12467]
7f449791e000-7f4498000000 r--p 00000000 08:07 400878                     /usr/lib/locale/locale-archive
7f4498000000-7f449828e000 rw-p 00000000 00:00 0 
7f449828e000-7f449c000000 ---p 00000000 00:00 0 
7f449c000000-7f449c021000 rw-p 00000000 00:00 0 
7f449c021000-7f44a0000000 ---p 00000000 00:00 0 
7f44a0000000-7f44a0021000 rw-p 00000000 00:00 0 
7f44a0021000-7f44a4000000 ---p 00000000 00:00 0 
7f44a4000000-7f44a4021000 rw-p 00000000 00:00 0 
7f44a4021000-7f44a8000000 ---p 00000000 00:00 0 
7f44a8000000-7f44a8021000 rw-p 00000000 00:00 0 
7f44a8021000-7f44ac000000 ---p 00000000 00:00 0 
7f44ac038000-7f44ac03b000 ---p 00000000 00:00 0 
7f44ac03b000-7f44ac139000 rw-p 00000000 00:00 0                          [stack:12466]
7f44ac139000-7f44ac13c000 ---p 00000000 00:00 0 
7f44ac13c000-7f44ac23a000 rw-p 00000000 00:00 0                          [stack:12465]
7f44ac23a000-7f44ac23d000 ---p 00000000 00:00 0 
7f44ac23d000-7f44ac33b000 rw-p 00000000 00:00 0                          [stack:12464]
7f44ac33b000-7f44ac33e000 ---p 00000000 00:00 0 
7f44ac33e000-7f44ac43c000 rw-p 00000000 00:00 0                          [stack:12463]
7f44ac43c000-7f44ac43f000 ---p 00000000 00:00 0 
7f44ac43f000-7f44ac53d000 rw-p 00000000 00:00 0                          [stack:12462]
7f44ac53d000-7f44ac53e000 ---p 00000000 00:00 0 
7f44ac53e000-7f44ad5b0000 rw-p 00000000 00:00 0                          [stack:12461]
7f44ad5b0000-7f44ad78a000 r--s 03d4d000 08:07 1057858                    /usr/lib/jvm/java-8-oracle/jre/lib/rt.jar
7f44ad78a000-7f44ade40000 rw-p 00000000 00:00 0 
7f44ade40000-7f44ae000000 ---p 00000000 00:00 0 
7f44ae000000-7f44b0000000 rw-p 00000000 00:00 0 
7f44b0000000-7f44b0021000 rw-p 00000000 00:00 0 
7f44b0021000-7f44b4000000 ---p 00000000 00:00 0 
7f44b4007000-7f44b4015000 r--s 000e0000 08:08 550918                     /home/suraj/android/android-sdk-linux/build-tools/24.0.2/lib/dx.jar
7f44b4015000-7f44b4215000 rw-p 00000000 00:00 0 
7f44b4215000-7f44b4216000 ---p 00000000 00:00 0 
7f44b4216000-7f44b4316000 rw-p 00000000 00:00 0                          [stack:12460]
7f44b4316000-7f44b4317000 ---p 00000000 00:00 0 
7f44b4317000-7f44b4417000 rw-p 00000000 00:00 0                          [stack:12459]
7f44b4417000-7f44b4418000 ---p 00000000 00:00 0 
7f44b4418000-7f44b4518000 rw-p 00000000 00:00 0                          [stack:12458]
7f44b4518000-7f44b4519000 ---p 00000000 00:00 0 
7f44b4519000-7f44b462e000 rw-p 00000000 00:00 0                          [stack:12457]
7f44b462e000-7f44b476e000 ---p 00000000 00:00 0 
7f44b476e000-7f44b4781000 rw-p 00000000 00:00 0 
7f44b4781000-7f44b4819000 ---p 00000000 00:00 0 
7f44b4819000-7f44b4829000 rw-p 00000000 00:00 0 
7f44b4829000-7f44b4bda000 ---p 00000000 00:00 0 
7f44b4bda000-7f44b4f8a000 rwxp 00000000 00:00 0 
7f44b4f8a000-7f44c3bda000 ---p 00000000 00:00 0 
7f44c3bda000-7f44c3bf4000 r-xp 00000000 08:07 1056460                    /usr/lib/jvm/java-8-oracle/jre/lib/amd64/libzip.so
7f44c3bf4000-7f44c3df4000 ---p 0001a000 08:07 1056460                    /usr/lib/jvm/java-8-oracle/jre/lib/amd64/libzip.so
7f44c3df4000-7f44c3df5000 rw-p 0001a000 08:07 1056460                    /usr/lib/jvm/java-8-oracle/jre/lib/amd64/libzip.so
7f44c3df5000-7f44c3dff000 r-xp 00000000 08:07 11005                      /lib/x86_64-linux-gnu/libnss_files-2.19.so
7f44c3dff000-7f44c3ffe000 ---p 0000a000 08:07 11005                      /lib/x86_64-linux-gnu/libnss_files-2.19.so
7f44c3ffe000-7f44c3fff000 r--p 00009000 08:07 11005                      /lib/x86_64-linux-gnu/libnss_files-2.19.so
7f44c3fff000-7f44c4000000 rw-p 0000a000 08:07 11005                      /lib/x86_64-linux-gnu/libnss_files-2.19.so
7f44c4000000-7f44c43c0000 rw-p 00000000 00:00 0 
7f44c43c0000-7f44c8000000 ---p 00000000 00:00 0 
7f44c8001000-7f44c8058000 rw-p 00000000 00:00 0 
7f44c8058000-7f44c8199000 ---p 00000000 00:00 0 
7f44c8199000-7f44c81a4000 r-xp 00000000 08:07 11884                      /lib/x86_64-linux-gnu/libnss_nis-2.19.so
7f44c81a4000-7f44c83a3000 ---p 0000b000 08:07 11884                      /lib/x86_64-linux-gnu/libnss_nis-2.19.so
7f44c83a3000-7f44c83a4000 r--p 0000a000 08:07 11884                      /lib/x86_64-linux-gnu/libnss_nis-2.19.so
7f44c83a4000-7f44c83a5000 rw-p 0000b000 08:07 11884                      /lib/x86_64-linux-gnu/libnss_nis-2.19.so
7f44c83a5000-7f44c83bc000 r-xp 00000000 08:07 6923                       /lib/x86_64-linux-gnu/libnsl-2.19.so
7f44c83bc000-7f44c85bb000 ---p 00017000 08:07 6923                       /lib/x86_64-linux-gnu/libnsl-2.19.so
7f44c85bb000-7f44c85bc000 r--p 00016000 08:07 6923                       /lib/x86_64-linux-gnu/libnsl-2.19.so
7f44c85bc000-7f44c85bd000 rw-p 00017000 08:07 6923                       /lib/x86_64-linux-gnu/libnsl-2.19.so
7f44c85bd000-7f44c85bf000 rw-p 00000000 00:00 0 
7f44c85bf000-7f44c85c8000 r-xp 00000000 08:07 11882                      /lib/x86_64-linux-gnu/libnss_compat-2.19.so
7f44c85c8000-7f44c87c7000 ---p 00009000 08:07 11882                      /lib/x86_64-linux-gnu/libnss_compat-2.19.so
7f44c87c7000-7f44c87c8000 r--p 00008000 08:07 11882                      /lib/x86_64-linux-gnu/libnss_compat-2.19.so
7f44c87c8000-7f44c87c9000 rw-p 00009000 08:07 11882                      /lib/x86_64-linux-gnu/libnss_compat-2.19.so
7f44c87c9000-7f44c87f4000 r-xp 00000000 08:07 1056532                    /usr/lib/jvm/java-8-oracle/jre/lib/amd64/libjava.so
7f44c87f4000-7f44c89f3000 ---p 0002b000 08:07 1056532                    /usr/lib/jvm/java-8-oracle/jre/lib/amd64/libjava.so
7f44c89f3000-7f44c89f5000 rw-p 0002a000 08:07 1056532                    /usr/lib/jvm/java-8-oracle/jre/lib/amd64/libjava.so
7f44c89f5000-7f44c8a02000 r-xp 00000000 08:07 1057634                    /usr/lib/jvm/java-8-oracle/jre/lib/amd64/libverify.so
7f44c8a02000-7f44c8c02000 ---p 0000d000 08:07 1057634                    /usr/lib/jvm/java-8-oracle/jre/lib/amd64/libverify.so
7f44c8c02000-7f44c8c04000 rw-p 0000d000 08:07 1057634                    /usr/lib/jvm/java-8-oracle/jre/lib/amd64/libverify.so
7f44c8c04000-7f44c8c0b000 r-xp 00000000 08:07 11378                      /lib/x86_64-linux-gnu/librt-2.19.so
7f44c8c0b000-7f44c8e0a000 ---p 00007000 08:07 11378                      /lib/x86_64-linux-gnu/librt-2.19.so
7f44c8e0a000-7f44c8e0b000 r--p 00006000 08:07 11378                      /lib/x86_64-linux-gnu/librt-2.19.so
7f44c8e0b000-7f44c8e0c000 rw-p 00007000 08:07 11378                      /lib/x86_64-linux-gnu/librt-2.19.so
7f44c8e0c000-7f44c8f11000 r-xp 00000000 08:07 11369                      /lib/x86_64-linux-gnu/libm-2.19.so
7f44c8f11000-7f44c9110000 ---p 00105000 08:07 11369                      /lib/x86_64-linux-gnu/libm-2.19.so
7f44c9110000-7f44c9111000 r--p 00104000 08:07 11369                      /lib/x86_64-linux-gnu/libm-2.19.so
7f44c9111000-7f44c9112000 rw-p 00105000 08:07 11369                      /lib/x86_64-linux-gnu/libm-2.19.so
7f44c9112000-7f44c9de5000 r-xp 00000000 08:07 1056592                    /usr/lib/jvm/java-8-oracle/jre/lib/amd64/server/libjvm.so
7f44c9de5000-7f44c9fe4000 ---p 00cd3000 08:07 1056592                    /usr/lib/jvm/java-8-oracle/jre/lib/amd64/server/libjvm.so
7f44c9fe4000-7f44ca0be000 rw-p 00cd2000 08:07 1056592                    /usr/lib/jvm/java-8-oracle/jre/lib/amd64/server/libjvm.so
7f44ca0be000-7f44ca109000 rw-p 00000000 00:00 0 
7f44ca109000-7f44ca2c7000 r-xp 00000000 08:07 11370                      /lib/x86_64-linux-gnu/libc-2.19.so
7f44ca2c7000-7f44ca4c7000 ---p 001be000 08:07 11370                      /lib/x86_64-linux-gnu/libc-2.19.so
7f44ca4c7000-7f44ca4cb000 r--p 001be000 08:07 11370                      /lib/x86_64-linux-gnu/libc-2.19.so
7f44ca4cb000-7f44ca4cd000 rw-p 001c2000 08:07 11370                      /lib/x86_64-linux-gnu/libc-2.19.so
7f44ca4cd000-7f44ca4d2000 rw-p 00000000 00:00 0 
7f44ca4d2000-7f44ca4d5000 r-xp 00000000 08:07 11376                      /lib/x86_64-linux-gnu/libdl-2.19.so
7f44ca4d5000-7f44ca6d4000 ---p 00003000 08:07 11376                      /lib/x86_64-linux-gnu/libdl-2.19.so
7f44ca6d4000-7f44ca6d5000 r--p 00002000 08:07 11376                      /lib/x86_64-linux-gnu/libdl-2.19.so
7f44ca6d5000-7f44ca6d6000 rw-p 00003000 08:07 11376                      /lib/x86_64-linux-gnu/libdl-2.19.so
7f44ca6d6000-7f44ca6eb000 r-xp 00000000 08:07 828945                     /usr/lib/jvm/java-8-oracle/lib/amd64/jli/libjli.so
7f44ca6eb000-7f44ca8eb000 ---p 00015000 08:07 828945                     /usr/lib/jvm/java-8-oracle/lib/amd64/jli/libjli.so
7f44ca8eb000-7f44ca8ec000 rw-p 00015000 08:07 828945                     /usr/lib/jvm/java-8-oracle/lib/amd64/jli/libjli.so
7f44ca8ec000-7f44ca905000 r-xp 00000000 08:07 11372                      /lib/x86_64-linux-gnu/libpthread-2.19.so
7f44ca905000-7f44cab04000 ---p 00019000 08:07 11372                      /lib/x86_64-linux-gnu/libpthread-2.19.so
7f44cab04000-7f44cab05000 r--p 00018000 08:07 11372                      /lib/x86_64-linux-gnu/libpthread-2.19.so
7f44cab05000-7f44cab06000 rw-p 00019000 08:07 11372                      /lib/x86_64-linux-gnu/libpthread-2.19.so
7f44cab06000-7f44cab0a000 rw-p 00000000 00:00 0 
7f44cab0a000-7f44cab2d000 r-xp 00000000 08:07 11746                      /lib/x86_64-linux-gnu/ld-2.19.so
7f44cab2f000-7f44cac01000 rw-p 00000000 00:00 0 
7f44cac01000-7f44cac04000 ---p 00000000 00:00 0 
7f44cac04000-7f44cad06000 rw-p 00000000 00:00 0                          [stack:12456]
7f44cad0b000-7f44cad20000 rw-p 00000000 00:00 0 
7f44cad20000-7f44cad28000 rw-s 00000000 08:07 66468                      /tmp/hsperfdata_suraj/12451
7f44cad28000-7f44cad29000 rw-p 00000000 00:00 0 
7f44cad29000-7f44cad2a000 ---p 00000000 00:00 0 
7f44cad2a000-7f44cad2c000 rw-p 00000000 00:00 0 
7f44cad2c000-7f44cad2d000 r--p 00022000 08:07 11746                      /lib/x86_64-linux-gnu/ld-2.19.so
7f44cad2d000-7f44cad2e000 rw-p 00023000 08:07 11746                      /lib/x86_64-linux-gnu/ld-2.19.so
7f44cad2e000-7f44cad2f000 rw-p 00000000 00:00 0 
7fffc49bd000-7fffc49df000 rw-p 00000000 00:00 0                          [stack]
7fffc49fc000-7fffc49fe000 r--p 00000000 00:00 0                          [vvar]
7fffc49fe000-7fffc4a00000 r-xp 00000000 00:00 0                          [vdso]
ffffffffff600000-ffffffffff601000 r-xp 00000000 00:00 0                  [vsyscall]

VM Arguments:
jvm_args: -Djava.awt.headless=true -Xmx1024M -Dfile.encoding=UTF-8 -Duser.country=IN -Duser.language=en -Duser.variant 
java_command: com.android.dx.command.Main --dex --num-threads=4 --output /home/suraj/AndroidstudioProjects/DailyExpenses/app/build/intermediates/pre-dexed/debug/realm_91e0d5d94002fce82f1c9f986dd3f6cce4cec9d6.jar /home/suraj/AndroidstudioProjects/DailyExpenses/app/build/intermediates/transforms/RealmTransformer/debug/folders/1/1/realm
java_class_path (initial): /home/suraj/android/android-sdk-linux/build-tools/24.0.2/lib/dx.jar
Launcher Type: SUN_STANDARD

Environment Variables:
JAVA_HOME=/usr/lib/jvm/java-8-oracle
PATH=/usr/local/heroku/bin:/home/suraj/.rbenv/plugins/ruby-build/bin:/home/suraj/.rbenv/shims:/home/suraj/.rbenv/bin:/usr/local/sbin:/usr/local/bin:/usr/sbin:/usr/bin:/sbin:/bin:/usr/games:/usr/local/games:/usr/lib/jvm/java-8-oracle/bin:/usr/lib/jvm/java-8-oracle/db/bin:/usr/lib/jvm/java-8-oracle/jre/bin:/home/suraj/scripts/:/home/suraj/scala-2.11.8/bin/:/home/suraj/android/toolchain/arm-cortex_a8-linux-gnueabi-linaro_4.7.4-2014.04/bin:/home/suraj/android/android-sdk-linux/tools:/home/suraj/android/android-sdk-linux/platform-tools
LD_LIBRARY_PATH=/home/suraj/android-studio/bin::/usr/local/lib
SHELL=/bin/bash
DISPLAY=:0
ARCH=arm

Signal Handlers:
SIGSEGV: [libjvm.so+0xacba10], sa_mask[0]=11111111011111111101111111111110, sa_flags=SA_RESTART|SA_SIGINFO
SIGBUS: [libjvm.so+0xacba10], sa_mask[0]=11111111011111111101111111111110, sa_flags=SA_RESTART|SA_SIGINFO
SIGFPE: [libjvm.so+0x924ba0], sa_mask[0]=11111111011111111101111111111110, sa_flags=SA_RESTART|SA_SIGINFO
SIGPIPE: [libjvm.so+0x924ba0], sa_mask[0]=11111111011111111101111111111110, sa_flags=SA_RESTART|SA_SIGINFO
SIGXFSZ: [libjvm.so+0x924ba0], sa_mask[0]=11111111011111111101111111111110, sa_flags=SA_RESTART|SA_SIGINFO
SIGILL: [libjvm.so+0x924ba0], sa_mask[0]=11111111011111111101111111111110, sa_flags=SA_RESTART|SA_SIGINFO
SIGUSR1: SIG_DFL, sa_mask[0]=00000000000000000000000000000000, sa_flags=none
SIGUSR2: [libjvm.so+0x9263e0], sa_mask[0]=00100000000000000000000000000000, sa_flags=SA_RESTART|SA_SIGINFO
SIGHUP: [libjvm.so+0x9277e0], sa_mask[0]=11111111011111111101111111111110, sa_flags=SA_RESTART|SA_SIGINFO
SIGINT: [libjvm.so+0x9277e0], sa_mask[0]=11111111011111111101111111111110, sa_flags=SA_RESTART|SA_SIGINFO
SIGTERM: [libjvm.so+0x9277e0], sa_mask[0]=11111111011111111101111111111110, sa_flags=SA_RESTART|SA_SIGINFO
SIGQUIT: [libjvm.so+0x9277e0], sa_mask[0]=11111111011111111101111111111110, sa_flags=SA_RESTART|SA_SIGINFO


---------------  S Y S T E M  ---------------

OS:DISTRIB_ID=Ubuntu
DISTRIB_RELEASE=14.04
DISTRIB_CODENAME=trusty
DISTRIB_DESCRIPTION="Ubuntu 14.04.5 LTS"

uname:Linux 3.17.0-031700-generic #201410060605 SMP Mon Oct 6 10:07:09 UTC 2014 x86_64
libc:glibc 2.19 NPTL 2.19 
rlimit: STACK 8192k, CORE 0k, NPROC 15258, NOFILE 4096, AS infinity
load average:10.33 2.99 1.24

/proc/meminfo:
MemTotal:        3952400 kB
MemFree:           88116 kB
MemAvailable:      27268 kB
Buffers:             140 kB
Cached:           436204 kB
SwapCached:            0 kB
Active:          3265332 kB
Inactive:         412436 kB
Active(anon):    3262556 kB
Inactive(anon):   410520 kB
Active(file):       2776 kB
Inactive(file):     1916 kB
Unevictable:          32 kB
Mlocked:              32 kB
SwapTotal:             0 kB
SwapFree:              0 kB
Dirty:                24 kB
Writeback:             0 kB
AnonPages:       3241484 kB
Mapped:            89328 kB
Shmem:            431624 kB
Slab:              76388 kB
SReclaimable:      42532 kB
SUnreclaim:        33856 kB
KernelStack:       10880 kB
PageTables:        36168 kB
NFS_Unstable:          0 kB
Bounce:                0 kB
WritebackTmp:          0 kB
CommitLimit:     1976200 kB
Committed_AS:    7258684 kB
VmallocTotal:   34359738367 kB
VmallocUsed:      352420 kB
VmallocChunk:   34359367012 kB
HardwareCorrupted:     0 kB
AnonHugePages:   1490944 kB
HugePages_Total:       0
HugePages_Free:        0
HugePages_Rsvd:        0
HugePages_Surp:        0
Hugepagesize:       2048 kB
DirectMap4k:       70932 kB
DirectMap2M:     1931264 kB
DirectMap1G:     2097152 kB


CPU:total 4 (initial active 4) (2 cores per cpu, 2 threads per core) family 6 model 69 stepping 1, cmov, cx8, fxsr, mmx, sse, sse2, sse3, ssse3, sse4.1, sse4.2, popcnt, avx, avx2, aes, clmul, erms, lzcnt, ht, tsc, tscinvbit, bmi1, bmi2

/proc/cpuinfo:
processor	: 0
vendor_id	: GenuineIntel
cpu family	: 6
model		: 69
model name	: Intel(R) Core(TM) i5-4200U CPU @ 1.60GHz
stepping	: 1
microcode	: 0x16
cpu MHz		: 799.968
cache size	: 3072 KB
physical id	: 0
siblings	: 4
core id		: 0
cpu cores	: 2
apicid		: 0
initial apicid	: 0
fpu		: yes
fpu_exception	: yes
cpuid level	: 13
wp		: yes
flags		: fpu vme de pse tsc msr pae mce cx8 apic sep mtrr pge mca cmov pat pse36 clflush dts acpi mmx fxsr sse sse2 ss ht tm pbe syscall nx pdpe1gb rdtscp lm constant_tsc arch_perfmon pebs bts rep_good nopl xtopology nonstop_tsc aperfmperf eagerfpu pni pclmulqdq dtes64 monitor ds_cpl vmx est tm2 ssse3 fma cx16 xtpr pdcm pcid sse4_1 sse4_2 movbe popcnt tsc_deadline_timer aes xsave avx f16c rdrand lahf_lm abm ida arat epb pln pts dtherm tpr_shadow vnmi flexpriority ept vpid fsgsbase tsc_adjust bmi1 avx2 smep bmi2 erms invpcid xsaveopt
bugs		:
bogomips	: 4589.53
clflush size	: 64
cache_alignment	: 64
address sizes	: 39 bits physical, 48 bits virtual
power management:

processor	: 1
vendor_id	: GenuineIntel
cpu family	: 6
model		: 69
model name	: Intel(R) Core(TM) i5-4200U CPU @ 1.60GHz
stepping	: 1
microcode	: 0x16
cpu MHz		: 799.968
cache size	: 3072 KB
physical id	: 0
siblings	: 4
core id		: 1
cpu cores	: 2
apicid		: 2
initial apicid	: 2
fpu		: yes
fpu_exception	: yes
cpuid level	: 13
wp		: yes
flags		: fpu vme de pse tsc msr pae mce cx8 apic sep mtrr pge mca cmov pat pse36 clflush dts acpi mmx fxsr sse sse2 ss ht tm pbe syscall nx pdpe1gb rdtscp lm constant_tsc arch_perfmon pebs bts rep_good nopl xtopology nonstop_tsc aperfmperf eagerfpu pni pclmulqdq dtes64 monitor ds_cpl vmx est tm2 ssse3 fma cx16 xtpr pdcm pcid sse4_1 sse4_2 movbe popcnt tsc_deadline_timer aes xsave avx f16c rdrand lahf_lm abm ida arat epb pln pts dtherm tpr_shadow vnmi flexpriority ept vpid fsgsbase tsc_adjust bmi1 avx2 smep bmi2 erms invpcid xsaveopt
bugs		:
bogomips	: 4589.53
clflush size	: 64
cache_alignment	: 64
address sizes	: 39 bits physical, 48 bits virtual
power management:

processor	: 2
vendor_id	: GenuineIntel
cpu family	: 6
model		: 69
model name	: Intel(R) Core(TM) i5-4200U CPU @ 1.60GHz
stepping	: 1
microcode	: 0x16
cpu MHz		: 799.968
cache size	: 3072 KB
physical id	: 0
siblings	: 4
core id		: 0
cpu cores	: 2
apicid		: 1
initial apicid	: 1
fpu		: yes
fpu_exception	: yes
cpuid level	: 13
wp		: yes
flags		: fpu vme de pse tsc msr pae mce cx8 apic sep mtrr pge mca cmov pat pse36 clflush dts acpi mmx fxsr sse sse2 ss ht tm pbe syscall nx pdpe1gb rdtscp lm constant_tsc arch_perfmon pebs bts rep_good nopl xtopology nonstop_tsc aperfmperf eagerfpu pni pclmulqdq dtes64 monitor ds_cpl vmx est tm2 ssse3 fma cx16 xtpr pdcm pcid sse4_1 sse4_2 movbe popcnt tsc_deadline_timer aes xsave avx f16c rdrand lahf_lm abm ida arat epb pln pts dtherm tpr_shadow vnmi flexpriority ept vpid fsgsbase tsc_adjust bmi1 avx2 smep bmi2 erms invpcid xsaveopt
bugs		:
bogomips	: 4589.53
clflush size	: 64
cache_alignment	: 64
address sizes	: 39 bits physical, 48 bits virtual
power management:

processor	: 3
vendor_id	: GenuineIntel
cpu family	: 6
model		: 69
model name	: Intel(R) Core(TM) i5-4200U CPU @ 1.60GHz
stepping	: 1
microcode	: 0x16
cpu MHz		: 799.968
cache size	: 3072 KB
physical id	: 0
siblings	: 4
core id		: 1
cpu cores	: 2
apicid		: 3
initial apicid	: 3
fpu		: yes
fpu_exception	: yes
cpuid level	: 13
wp		: yes
flags		: fpu vme de pse tsc msr pae mce cx8 apic sep mtrr pge mca cmov pat pse36 clflush dts acpi mmx fxsr sse sse2 ss ht tm pbe syscall nx pdpe1gb rdtscp lm constant_tsc arch_perfmon pebs bts rep_good nopl xtopology nonstop_tsc aperfmperf eagerfpu pni pclmulqdq dtes64 monitor ds_cpl vmx est tm2 ssse3 fma cx16 xtpr pdcm pcid sse4_1 sse4_2 movbe popcnt tsc_deadline_timer aes xsave avx f16c rdrand lahf_lm abm ida arat epb pln pts dtherm tpr_shadow vnmi flexpriority ept vpid fsgsbase tsc_adjust bmi1 avx2 smep bmi2 erms invpcid xsaveopt
bugs		:
bogomips	: 4589.53
clflush size	: 64
cache_alignment	: 64
address sizes	: 39 bits physical, 48 bits virtual
power management:



Memory: 4k page, physical 3952400k(87216k free), swap 0k(0k free)

vm_info: Java HotSpot(TM) 64-Bit Server VM (25.144-b01) for linux-amd64 JRE (1.8.0_144-b01), built on Jul 21 2017 21:57:33 by "java_re" with gcc 4.3.0 20080428 (Red Hat 4.3.0-8)

time: Sun Sep 10 13:11:42 2017
elapsed time: 26 seconds (0d 0h 0m 26s)

